<html>
<head>
<title>TestNG:  Test</title>
<link href="../testng.css" rel="stylesheet" type="text/css" />
<link href="../my-testng.css" rel="stylesheet" type="text/css" />

<style type="text/css">
.log { display: none;} 
.stack-trace { display: none;} 
</style>
<script type="text/javascript">
<!--
function flip(e) {
  current = e.style.display;
  if (current == 'block') {
    e.style.display = 'none';
    return 0;
  }
  else {
    e.style.display = 'block';
    return 1;
  }
}

function toggleBox(szDivId, elem, msg1, msg2)
{
  var res = -1;  if (document.getElementById) {
    res = flip(document.getElementById(szDivId));
  }
  else if (document.all) {
    // this is the way old msie versions work
    res = flip(document.all[szDivId]);
  }
  if(elem) {
    if(res == 0) elem.innerHTML = msg1; else elem.innerHTML = msg2;
  }

}

function toggleAllBoxes() {
  if (document.getElementsByTagName) {
    d = document.getElementsByTagName('div');
    for (i = 0; i < d.length; i++) {
      if (d[i].className == 'log') {
        flip(d[i]);
      }
    }
  }
}

// -->
</script>

</head>
<body>
<h2 align='center'>Test</h2><table border='1' align="center">
<tr>
<td>Tests passed/Failed/Skipped:</td><td>61/5/6</td>
</tr><tr>
<td>Started on:</td><td>Mon May 15 10:28:00 IST 2023</td>
</tr>
<tr><td>Total time:</td><td>234 seconds (234863 ms)</td>
</tr><tr>
<td>Included groups:</td><td></td>
</tr><tr>
<td>Excluded groups:</td><td></td>
</tr>
</table><p/>
<small><i>(Hover the method name to see the test class name)</i></small><p/>
<table width='100%' border='1' class='invocation-failed'>
<tr><td colspan='4' align='center'><b>FAILED TESTS</b></td></tr>
<tr><td><b>Test method</b></td>
<td><b>Attribute(s)</b></td>
<td width="30%"><b>Exception</b></td>
<td width="10%"><b>Time (seconds)</b></td>
<td><b>Instance</b></td>
</tr>
<tr>
<td title='Netmeds_Test.Netmeds_Test_1.Payment_Partner_Offers()'><b>Payment_Partner_Offers</b><br>Test class: Netmeds_Test.Netmeds_Test_1</td>
<td><div><pre>org.openqa.selenium.NoSuchElementException: no such element: Unable to locate element: {&quot;method&quot;:&quot;xpath&quot;,&quot;selector&quot;:&quot;//div[@class=&apos;home-payment-offer&apos;]&quot;}
  (Session info: chrome=113.0.5672.93)
For documentation on this error, please visit: https://selenium.dev/exceptions/#no_such_element
Build info: version: &apos;4.8.3&apos;, revision: &apos;e5e76298c3&apos;
System info: os.name: &apos;Windows 10&apos;, os.arch: &apos;amd64&apos;, os.version: &apos;10.0&apos;, java.version: &apos;17.0.4.1&apos;
Driver info: org.openqa.selenium.chrome.ChromeDriver
Command: [5a1b4d9550fbdc221c23b12535c5e0e7, findElement {using=xpath, value=//div[@class=&apos;home-payment-offer&apos;]}]
Capabilities {acceptInsecureCerts: false, browserName: chrome, browserVersion: 113.0.5672.93, chrome: {chromedriverVersion: 113.0.5672.63 (0e1a4471d5ae..., userDataDir: C:\Users\gukaur\AppData\Loc...}, goog:chromeOptions: {debuggerAddress: localhost:51958}, networkConnectionEnabled: false, pageLoadStrategy: normal, platformName: WINDOWS, proxy: Proxy(), se:cdp: ws://localhost:51958/devtoo..., se:cdpVersion: 113.0.5672.93, setWindowRect: true, strictFileInteractability: false, timeouts: {implicit: 0, pageLoad: 300000, script: 30000}, unhandledPromptBehavior: dismiss and notify, webauthn:extension:credBlob: true, webauthn:extension:largeBlob: true, webauthn:extension:minPinLength: true, webauthn:extension:prf: true, webauthn:virtualAuthenticators: true}
Session ID: 5a1b4d9550fbdc221c23b12535c5e0e7
	at org.openqa.selenium.remote.codec.w3c.W3CHttpResponseCodec.createException(W3CHttpResponseCodec.java:200)
	at org.openqa.selenium.remote.codec.w3c.W3CHttpResponseCodec.decode(W3CHttpResponseCodec.java:133)
	at org.openqa.selenium.remote.codec.w3c.W3CHttpResponseCodec.decode(W3CHttpResponseCodec.java:53)
	at org.openqa.selenium.remote.HttpCommandExecutor.execute(HttpCommandExecutor.java:193)
	at org.openqa.selenium.remote.service.DriverCommandExecutor.invokeExecute(DriverCommandExecutor.java:183)
	at org.openqa.selenium.remote.service.DriverCommandExecutor.execute(DriverCommandExecutor.java:158)
	at org.openqa.selenium.remote.RemoteWebDriver.execute(RemoteWebDriver.java:543)
	at org.openqa.selenium.remote.ElementLocation$ElementFinder$2.findElement(ElementLocation.java:162)
	at org.openqa.selenium.remote.ElementLocation.findElement(ElementLocation.java:60)
	at org.openqa.selenium.remote.RemoteWebDriver.findElement(RemoteWebDriver.java:352)
	at org.openqa.selenium.remote.RemoteWebDriver.findElement(RemoteWebDriver.java:344)
	at org.openqa.selenium.support.pagefactory.DefaultElementLocator.findElement(DefaultElementLocator.java:70)
	at org.openqa.selenium.support.pagefactory.internal.LocatingElementHandler.invoke(LocatingElementHandler.java:39)
	at jdk.proxy2/jdk.proxy2.$Proxy19.isDisplayed(Unknown Source)
	at Netmeds_Test.Netmeds_Test_1.Payment_Partner_Offers(Netmeds_Test_1.java:279)
	at java.base/java.util.ArrayList.forEach(ArrayList.java:1511)
... Removed 32 stack frames</pre></div><a href='#' onClick='toggleBox("stack-trace2135359921", this, "Click to show all stack frames", "Click to hide stack frames")'>Click to show all stack frames</a>
<div class='stack-trace' id='stack-trace2135359921'><pre>org.openqa.selenium.NoSuchElementException: no such element: Unable to locate element: {&quot;method&quot;:&quot;xpath&quot;,&quot;selector&quot;:&quot;//div[@class=&apos;home-payment-offer&apos;]&quot;}
  (Session info: chrome=113.0.5672.93)
For documentation on this error, please visit: https://selenium.dev/exceptions/#no_such_element
Build info: version: &apos;4.8.3&apos;, revision: &apos;e5e76298c3&apos;
System info: os.name: &apos;Windows 10&apos;, os.arch: &apos;amd64&apos;, os.version: &apos;10.0&apos;, java.version: &apos;17.0.4.1&apos;
Driver info: org.openqa.selenium.chrome.ChromeDriver
Command: [5a1b4d9550fbdc221c23b12535c5e0e7, findElement {using=xpath, value=//div[@class=&apos;home-payment-offer&apos;]}]
Capabilities {acceptInsecureCerts: false, browserName: chrome, browserVersion: 113.0.5672.93, chrome: {chromedriverVersion: 113.0.5672.63 (0e1a4471d5ae..., userDataDir: C:\Users\gukaur\AppData\Loc...}, goog:chromeOptions: {debuggerAddress: localhost:51958}, networkConnectionEnabled: false, pageLoadStrategy: normal, platformName: WINDOWS, proxy: Proxy(), se:cdp: ws://localhost:51958/devtoo..., se:cdpVersion: 113.0.5672.93, setWindowRect: true, strictFileInteractability: false, timeouts: {implicit: 0, pageLoad: 300000, script: 30000}, unhandledPromptBehavior: dismiss and notify, webauthn:extension:credBlob: true, webauthn:extension:largeBlob: true, webauthn:extension:minPinLength: true, webauthn:extension:prf: true, webauthn:virtualAuthenticators: true}
Session ID: 5a1b4d9550fbdc221c23b12535c5e0e7
	at java.base/jdk.internal.reflect.NativeConstructorAccessorImpl.newInstance0(Native Method)
	at java.base/jdk.internal.reflect.NativeConstructorAccessorImpl.newInstance(NativeConstructorAccessorImpl.java:77)
	at java.base/jdk.internal.reflect.DelegatingConstructorAccessorImpl.newInstance(DelegatingConstructorAccessorImpl.java:45)
	at java.base/java.lang.reflect.Constructor.newInstanceWithCaller(Constructor.java:499)
	at java.base/java.lang.reflect.Constructor.newInstance(Constructor.java:480)
	at org.openqa.selenium.remote.codec.w3c.W3CHttpResponseCodec.createException(W3CHttpResponseCodec.java:200)
	at org.openqa.selenium.remote.codec.w3c.W3CHttpResponseCodec.decode(W3CHttpResponseCodec.java:133)
	at org.openqa.selenium.remote.codec.w3c.W3CHttpResponseCodec.decode(W3CHttpResponseCodec.java:53)
	at org.openqa.selenium.remote.HttpCommandExecutor.execute(HttpCommandExecutor.java:193)
	at org.openqa.selenium.remote.service.DriverCommandExecutor.invokeExecute(DriverCommandExecutor.java:183)
	at org.openqa.selenium.remote.service.DriverCommandExecutor.execute(DriverCommandExecutor.java:158)
	at org.openqa.selenium.remote.RemoteWebDriver.execute(RemoteWebDriver.java:543)
	at org.openqa.selenium.remote.ElementLocation$ElementFinder$2.findElement(ElementLocation.java:162)
	at org.openqa.selenium.remote.ElementLocation.findElement(ElementLocation.java:60)
	at org.openqa.selenium.remote.RemoteWebDriver.findElement(RemoteWebDriver.java:352)
	at org.openqa.selenium.remote.RemoteWebDriver.findElement(RemoteWebDriver.java:344)
	at org.openqa.selenium.support.pagefactory.DefaultElementLocator.findElement(DefaultElementLocator.java:70)
	at org.openqa.selenium.support.pagefactory.internal.LocatingElementHandler.invoke(LocatingElementHandler.java:39)
	at jdk.proxy2/jdk.proxy2.$Proxy19.isDisplayed(Unknown Source)
	at Netmeds_Test.Netmeds_Test_1.Payment_Partner_Offers(Netmeds_Test_1.java:279)
	at java.base/jdk.internal.reflect.NativeMethodAccessorImpl.invoke0(Native Method)
	at java.base/jdk.internal.reflect.NativeMethodAccessorImpl.invoke(NativeMethodAccessorImpl.java:77)
	at java.base/jdk.internal.reflect.DelegatingMethodAccessorImpl.invoke(DelegatingMethodAccessorImpl.java:43)
	at java.base/java.lang.reflect.Method.invoke(Method.java:568)
	at org.testng.internal.invokers.MethodInvocationHelper.invokeMethod(MethodInvocationHelper.java:139)
	at org.testng.internal.invokers.TestInvoker.invokeMethod(TestInvoker.java:677)
	at org.testng.internal.invokers.TestInvoker.invokeTestMethod(TestInvoker.java:221)
	at org.testng.internal.invokers.MethodRunner.runInSequence(MethodRunner.java:50)
	at org.testng.internal.invokers.TestInvoker$MethodInvocationAgent.invoke(TestInvoker.java:969)
	at org.testng.internal.invokers.TestInvoker.invokeTestMethods(TestInvoker.java:194)
	at org.testng.internal.invokers.TestMethodWorker.invokeTestMethods(TestMethodWorker.java:148)
	at org.testng.internal.invokers.TestMethodWorker.run(TestMethodWorker.java:128)
	at java.base/java.util.ArrayList.forEach(ArrayList.java:1511)
	at org.testng.TestRunner.privateRun(TestRunner.java:829)
	at org.testng.TestRunner.run(TestRunner.java:602)
	at org.testng.SuiteRunner.runTest(SuiteRunner.java:437)
	at org.testng.SuiteRunner.runSequentially(SuiteRunner.java:431)
	at org.testng.SuiteRunner.privateRun(SuiteRunner.java:391)
	at org.testng.SuiteRunner.run(SuiteRunner.java:330)
	at org.testng.SuiteRunnerWorker.runSuite(SuiteRunnerWorker.java:52)
	at org.testng.SuiteRunnerWorker.run(SuiteRunnerWorker.java:95)
	at org.testng.TestNG.runSuitesSequentially(TestNG.java:1256)
	at org.testng.TestNG.runSuitesLocally(TestNG.java:1176)
	at org.testng.TestNG.runSuites(TestNG.java:1099)
	at org.testng.TestNG.run(TestNG.java:1067)
	at org.testng.remote.AbstractRemoteTestNG.run(AbstractRemoteTestNG.java:115)
	at org.testng.remote.RemoteTestNG.initAndRun(RemoteTestNG.java:251)
	at org.testng.remote.RemoteTestNG.main(RemoteTestNG.java:77)
</pre></div></td>
<td>2</td>
<td>Netmeds_Test.Netmeds_Test_1@cc43f62</td></tr>
<tr>
<td title='Netmeds_Test.Netmeds_Test_1.Netmeds_Stores()'><b>Netmeds_Stores</b><br>Test class: Netmeds_Test.Netmeds_Test_1</td>
<td><div><pre>org.openqa.selenium.NoSuchElementException: no such element: Unable to locate element: {&quot;method&quot;:&quot;xpath&quot;,&quot;selector&quot;:&quot;//div[text()=&apos;Netmeds Stores &apos;]&quot;}
  (Session info: chrome=113.0.5672.93)
For documentation on this error, please visit: https://selenium.dev/exceptions/#no_such_element
Build info: version: &apos;4.8.3&apos;, revision: &apos;e5e76298c3&apos;
System info: os.name: &apos;Windows 10&apos;, os.arch: &apos;amd64&apos;, os.version: &apos;10.0&apos;, java.version: &apos;17.0.4.1&apos;
Driver info: org.openqa.selenium.chrome.ChromeDriver
Command: [5a1b4d9550fbdc221c23b12535c5e0e7, findElement {using=xpath, value=//div[text()=&apos;Netmeds Stores &apos;]}]
Capabilities {acceptInsecureCerts: false, browserName: chrome, browserVersion: 113.0.5672.93, chrome: {chromedriverVersion: 113.0.5672.63 (0e1a4471d5ae..., userDataDir: C:\Users\gukaur\AppData\Loc...}, goog:chromeOptions: {debuggerAddress: localhost:51958}, networkConnectionEnabled: false, pageLoadStrategy: normal, platformName: WINDOWS, proxy: Proxy(), se:cdp: ws://localhost:51958/devtoo..., se:cdpVersion: 113.0.5672.93, setWindowRect: true, strictFileInteractability: false, timeouts: {implicit: 0, pageLoad: 300000, script: 30000}, unhandledPromptBehavior: dismiss and notify, webauthn:extension:credBlob: true, webauthn:extension:largeBlob: true, webauthn:extension:minPinLength: true, webauthn:extension:prf: true, webauthn:virtualAuthenticators: true}
Session ID: 5a1b4d9550fbdc221c23b12535c5e0e7
	at org.openqa.selenium.remote.codec.w3c.W3CHttpResponseCodec.createException(W3CHttpResponseCodec.java:200)
	at org.openqa.selenium.remote.codec.w3c.W3CHttpResponseCodec.decode(W3CHttpResponseCodec.java:133)
	at org.openqa.selenium.remote.codec.w3c.W3CHttpResponseCodec.decode(W3CHttpResponseCodec.java:53)
	at org.openqa.selenium.remote.HttpCommandExecutor.execute(HttpCommandExecutor.java:193)
	at org.openqa.selenium.remote.service.DriverCommandExecutor.invokeExecute(DriverCommandExecutor.java:183)
	at org.openqa.selenium.remote.service.DriverCommandExecutor.execute(DriverCommandExecutor.java:158)
	at org.openqa.selenium.remote.RemoteWebDriver.execute(RemoteWebDriver.java:543)
	at org.openqa.selenium.remote.ElementLocation$ElementFinder$2.findElement(ElementLocation.java:162)
	at org.openqa.selenium.remote.ElementLocation.findElement(ElementLocation.java:60)
	at org.openqa.selenium.remote.RemoteWebDriver.findElement(RemoteWebDriver.java:352)
	at org.openqa.selenium.remote.RemoteWebDriver.findElement(RemoteWebDriver.java:344)
	at org.openqa.selenium.support.pagefactory.DefaultElementLocator.findElement(DefaultElementLocator.java:70)
	at org.openqa.selenium.support.pagefactory.internal.LocatingElementHandler.invoke(LocatingElementHandler.java:39)
	at jdk.proxy2/jdk.proxy2.$Proxy19.isDisplayed(Unknown Source)
	at Netmeds_Test.Netmeds_Test_1.Netmeds_Stores(Netmeds_Test_1.java:286)
	at java.base/java.util.ArrayList.forEach(ArrayList.java:1511)
... Removed 32 stack frames</pre></div><a href='#' onClick='toggleBox("stack-trace804993772", this, "Click to show all stack frames", "Click to hide stack frames")'>Click to show all stack frames</a>
<div class='stack-trace' id='stack-trace804993772'><pre>org.openqa.selenium.NoSuchElementException: no such element: Unable to locate element: {&quot;method&quot;:&quot;xpath&quot;,&quot;selector&quot;:&quot;//div[text()=&apos;Netmeds Stores &apos;]&quot;}
  (Session info: chrome=113.0.5672.93)
For documentation on this error, please visit: https://selenium.dev/exceptions/#no_such_element
Build info: version: &apos;4.8.3&apos;, revision: &apos;e5e76298c3&apos;
System info: os.name: &apos;Windows 10&apos;, os.arch: &apos;amd64&apos;, os.version: &apos;10.0&apos;, java.version: &apos;17.0.4.1&apos;
Driver info: org.openqa.selenium.chrome.ChromeDriver
Command: [5a1b4d9550fbdc221c23b12535c5e0e7, findElement {using=xpath, value=//div[text()=&apos;Netmeds Stores &apos;]}]
Capabilities {acceptInsecureCerts: false, browserName: chrome, browserVersion: 113.0.5672.93, chrome: {chromedriverVersion: 113.0.5672.63 (0e1a4471d5ae..., userDataDir: C:\Users\gukaur\AppData\Loc...}, goog:chromeOptions: {debuggerAddress: localhost:51958}, networkConnectionEnabled: false, pageLoadStrategy: normal, platformName: WINDOWS, proxy: Proxy(), se:cdp: ws://localhost:51958/devtoo..., se:cdpVersion: 113.0.5672.93, setWindowRect: true, strictFileInteractability: false, timeouts: {implicit: 0, pageLoad: 300000, script: 30000}, unhandledPromptBehavior: dismiss and notify, webauthn:extension:credBlob: true, webauthn:extension:largeBlob: true, webauthn:extension:minPinLength: true, webauthn:extension:prf: true, webauthn:virtualAuthenticators: true}
Session ID: 5a1b4d9550fbdc221c23b12535c5e0e7
	at java.base/jdk.internal.reflect.NativeConstructorAccessorImpl.newInstance0(Native Method)
	at java.base/jdk.internal.reflect.NativeConstructorAccessorImpl.newInstance(NativeConstructorAccessorImpl.java:77)
	at java.base/jdk.internal.reflect.DelegatingConstructorAccessorImpl.newInstance(DelegatingConstructorAccessorImpl.java:45)
	at java.base/java.lang.reflect.Constructor.newInstanceWithCaller(Constructor.java:499)
	at java.base/java.lang.reflect.Constructor.newInstance(Constructor.java:480)
	at org.openqa.selenium.remote.codec.w3c.W3CHttpResponseCodec.createException(W3CHttpResponseCodec.java:200)
	at org.openqa.selenium.remote.codec.w3c.W3CHttpResponseCodec.decode(W3CHttpResponseCodec.java:133)
	at org.openqa.selenium.remote.codec.w3c.W3CHttpResponseCodec.decode(W3CHttpResponseCodec.java:53)
	at org.openqa.selenium.remote.HttpCommandExecutor.execute(HttpCommandExecutor.java:193)
	at org.openqa.selenium.remote.service.DriverCommandExecutor.invokeExecute(DriverCommandExecutor.java:183)
	at org.openqa.selenium.remote.service.DriverCommandExecutor.execute(DriverCommandExecutor.java:158)
	at org.openqa.selenium.remote.RemoteWebDriver.execute(RemoteWebDriver.java:543)
	at org.openqa.selenium.remote.ElementLocation$ElementFinder$2.findElement(ElementLocation.java:162)
	at org.openqa.selenium.remote.ElementLocation.findElement(ElementLocation.java:60)
	at org.openqa.selenium.remote.RemoteWebDriver.findElement(RemoteWebDriver.java:352)
	at org.openqa.selenium.remote.RemoteWebDriver.findElement(RemoteWebDriver.java:344)
	at org.openqa.selenium.support.pagefactory.DefaultElementLocator.findElement(DefaultElementLocator.java:70)
	at org.openqa.selenium.support.pagefactory.internal.LocatingElementHandler.invoke(LocatingElementHandler.java:39)
	at jdk.proxy2/jdk.proxy2.$Proxy19.isDisplayed(Unknown Source)
	at Netmeds_Test.Netmeds_Test_1.Netmeds_Stores(Netmeds_Test_1.java:286)
	at java.base/jdk.internal.reflect.NativeMethodAccessorImpl.invoke0(Native Method)
	at java.base/jdk.internal.reflect.NativeMethodAccessorImpl.invoke(NativeMethodAccessorImpl.java:77)
	at java.base/jdk.internal.reflect.DelegatingMethodAccessorImpl.invoke(DelegatingMethodAccessorImpl.java:43)
	at java.base/java.lang.reflect.Method.invoke(Method.java:568)
	at org.testng.internal.invokers.MethodInvocationHelper.invokeMethod(MethodInvocationHelper.java:139)
	at org.testng.internal.invokers.TestInvoker.invokeMethod(TestInvoker.java:677)
	at org.testng.internal.invokers.TestInvoker.invokeTestMethod(TestInvoker.java:221)
	at org.testng.internal.invokers.MethodRunner.runInSequence(MethodRunner.java:50)
	at org.testng.internal.invokers.TestInvoker$MethodInvocationAgent.invoke(TestInvoker.java:969)
	at org.testng.internal.invokers.TestInvoker.invokeTestMethods(TestInvoker.java:194)
	at org.testng.internal.invokers.TestMethodWorker.invokeTestMethods(TestMethodWorker.java:148)
	at org.testng.internal.invokers.TestMethodWorker.run(TestMethodWorker.java:128)
	at java.base/java.util.ArrayList.forEach(ArrayList.java:1511)
	at org.testng.TestRunner.privateRun(TestRunner.java:829)
	at org.testng.TestRunner.run(TestRunner.java:602)
	at org.testng.SuiteRunner.runTest(SuiteRunner.java:437)
	at org.testng.SuiteRunner.runSequentially(SuiteRunner.java:431)
	at org.testng.SuiteRunner.privateRun(SuiteRunner.java:391)
	at org.testng.SuiteRunner.run(SuiteRunner.java:330)
	at org.testng.SuiteRunnerWorker.runSuite(SuiteRunnerWorker.java:52)
	at org.testng.SuiteRunnerWorker.run(SuiteRunnerWorker.java:95)
	at org.testng.TestNG.runSuitesSequentially(TestNG.java:1256)
	at org.testng.TestNG.runSuitesLocally(TestNG.java:1176)
	at org.testng.TestNG.runSuites(TestNG.java:1099)
	at org.testng.TestNG.run(TestNG.java:1067)
	at org.testng.remote.AbstractRemoteTestNG.run(AbstractRemoteTestNG.java:115)
	at org.testng.remote.RemoteTestNG.initAndRun(RemoteTestNG.java:251)
	at org.testng.remote.RemoteTestNG.main(RemoteTestNG.java:77)
</pre></div></td>
<td>2</td>
<td>Netmeds_Test.Netmeds_Test_1@cc43f62</td></tr>
<tr>
<td title='Netmeds_Test.Netmeds_Test_2.Beauty_Tools()'><b>Beauty_Tools</b><br>Test class: Netmeds_Test.Netmeds_Test_2</td>
<td><div><pre>org.openqa.selenium.ElementNotInteractableException: element not interactable: https://www.netmeds.com/non-prescriptions/tools-appliances has no size and location
  (Session info: chrome=113.0.5672.93)
Build info: version: &apos;4.8.3&apos;, revision: &apos;e5e76298c3&apos;
System info: os.name: &apos;Windows 10&apos;, os.arch: &apos;amd64&apos;, os.version: &apos;10.0&apos;, java.version: &apos;17.0.4.1&apos;
Driver info: org.openqa.selenium.chrome.ChromeDriver
Command: [862ef890f91fc4f7f8381a675a6a3e3c, actions {actions=[org.openqa.selenium.interactions.Sequence@2785db06]}]
Capabilities {acceptInsecureCerts: false, browserName: chrome, browserVersion: 113.0.5672.93, chrome: {chromedriverVersion: 113.0.5672.63 (0e1a4471d5ae..., userDataDir: C:\Users\gukaur\AppData\Loc...}, goog:chromeOptions: {debuggerAddress: localhost:52136}, networkConnectionEnabled: false, pageLoadStrategy: normal, platformName: WINDOWS, proxy: Proxy(), se:cdp: ws://localhost:52136/devtoo..., se:cdpVersion: 113.0.5672.93, setWindowRect: true, strictFileInteractability: false, timeouts: {implicit: 0, pageLoad: 300000, script: 30000}, unhandledPromptBehavior: dismiss and notify, webauthn:extension:credBlob: true, webauthn:extension:largeBlob: true, webauthn:extension:minPinLength: true, webauthn:extension:prf: true, webauthn:virtualAuthenticators: true}
Session ID: 862ef890f91fc4f7f8381a675a6a3e3c
	at org.openqa.selenium.remote.codec.w3c.W3CHttpResponseCodec.createException(W3CHttpResponseCodec.java:200)
	at org.openqa.selenium.remote.codec.w3c.W3CHttpResponseCodec.decode(W3CHttpResponseCodec.java:133)
	at org.openqa.selenium.remote.codec.w3c.W3CHttpResponseCodec.decode(W3CHttpResponseCodec.java:53)
	at org.openqa.selenium.remote.HttpCommandExecutor.execute(HttpCommandExecutor.java:193)
	at org.openqa.selenium.remote.service.DriverCommandExecutor.invokeExecute(DriverCommandExecutor.java:183)
	at org.openqa.selenium.remote.service.DriverCommandExecutor.execute(DriverCommandExecutor.java:158)
	at org.openqa.selenium.remote.RemoteWebDriver.execute(RemoteWebDriver.java:543)
	at org.openqa.selenium.remote.RemoteWebDriver.perform(RemoteWebDriver.java:611)
	at org.openqa.selenium.interactions.Actions$BuiltAction.perform(Actions.java:567)
	at Netmeds_Test.Netmeds_Test_2.Beauty_Tools(Netmeds_Test_2.java:327)
	at java.base/java.util.ArrayList.forEach(ArrayList.java:1511)
... Removed 32 stack frames</pre></div><a href='#' onClick='toggleBox("stack-trace903218049", this, "Click to show all stack frames", "Click to hide stack frames")'>Click to show all stack frames</a>
<div class='stack-trace' id='stack-trace903218049'><pre>org.openqa.selenium.ElementNotInteractableException: element not interactable: https://www.netmeds.com/non-prescriptions/tools-appliances has no size and location
  (Session info: chrome=113.0.5672.93)
Build info: version: &apos;4.8.3&apos;, revision: &apos;e5e76298c3&apos;
System info: os.name: &apos;Windows 10&apos;, os.arch: &apos;amd64&apos;, os.version: &apos;10.0&apos;, java.version: &apos;17.0.4.1&apos;
Driver info: org.openqa.selenium.chrome.ChromeDriver
Command: [862ef890f91fc4f7f8381a675a6a3e3c, actions {actions=[org.openqa.selenium.interactions.Sequence@2785db06]}]
Capabilities {acceptInsecureCerts: false, browserName: chrome, browserVersion: 113.0.5672.93, chrome: {chromedriverVersion: 113.0.5672.63 (0e1a4471d5ae..., userDataDir: C:\Users\gukaur\AppData\Loc...}, goog:chromeOptions: {debuggerAddress: localhost:52136}, networkConnectionEnabled: false, pageLoadStrategy: normal, platformName: WINDOWS, proxy: Proxy(), se:cdp: ws://localhost:52136/devtoo..., se:cdpVersion: 113.0.5672.93, setWindowRect: true, strictFileInteractability: false, timeouts: {implicit: 0, pageLoad: 300000, script: 30000}, unhandledPromptBehavior: dismiss and notify, webauthn:extension:credBlob: true, webauthn:extension:largeBlob: true, webauthn:extension:minPinLength: true, webauthn:extension:prf: true, webauthn:virtualAuthenticators: true}
Session ID: 862ef890f91fc4f7f8381a675a6a3e3c
	at java.base/jdk.internal.reflect.NativeConstructorAccessorImpl.newInstance0(Native Method)
	at java.base/jdk.internal.reflect.NativeConstructorAccessorImpl.newInstance(NativeConstructorAccessorImpl.java:77)
	at java.base/jdk.internal.reflect.DelegatingConstructorAccessorImpl.newInstance(DelegatingConstructorAccessorImpl.java:45)
	at java.base/java.lang.reflect.Constructor.newInstanceWithCaller(Constructor.java:499)
	at java.base/java.lang.reflect.Constructor.newInstance(Constructor.java:480)
	at org.openqa.selenium.remote.codec.w3c.W3CHttpResponseCodec.createException(W3CHttpResponseCodec.java:200)
	at org.openqa.selenium.remote.codec.w3c.W3CHttpResponseCodec.decode(W3CHttpResponseCodec.java:133)
	at org.openqa.selenium.remote.codec.w3c.W3CHttpResponseCodec.decode(W3CHttpResponseCodec.java:53)
	at org.openqa.selenium.remote.HttpCommandExecutor.execute(HttpCommandExecutor.java:193)
	at org.openqa.selenium.remote.service.DriverCommandExecutor.invokeExecute(DriverCommandExecutor.java:183)
	at org.openqa.selenium.remote.service.DriverCommandExecutor.execute(DriverCommandExecutor.java:158)
	at org.openqa.selenium.remote.RemoteWebDriver.execute(RemoteWebDriver.java:543)
	at org.openqa.selenium.remote.RemoteWebDriver.perform(RemoteWebDriver.java:611)
	at org.openqa.selenium.interactions.Actions$BuiltAction.perform(Actions.java:567)
	at Netmeds_Test.Netmeds_Test_2.Beauty_Tools(Netmeds_Test_2.java:327)
	at java.base/jdk.internal.reflect.NativeMethodAccessorImpl.invoke0(Native Method)
	at java.base/jdk.internal.reflect.NativeMethodAccessorImpl.invoke(NativeMethodAccessorImpl.java:77)
	at java.base/jdk.internal.reflect.DelegatingMethodAccessorImpl.invoke(DelegatingMethodAccessorImpl.java:43)
	at java.base/java.lang.reflect.Method.invoke(Method.java:568)
	at org.testng.internal.invokers.MethodInvocationHelper.invokeMethod(MethodInvocationHelper.java:139)
	at org.testng.internal.invokers.TestInvoker.invokeMethod(TestInvoker.java:677)
	at org.testng.internal.invokers.TestInvoker.invokeTestMethod(TestInvoker.java:221)
	at org.testng.internal.invokers.MethodRunner.runInSequence(MethodRunner.java:50)
	at org.testng.internal.invokers.TestInvoker$MethodInvocationAgent.invoke(TestInvoker.java:969)
	at org.testng.internal.invokers.TestInvoker.invokeTestMethods(TestInvoker.java:194)
	at org.testng.internal.invokers.TestMethodWorker.invokeTestMethods(TestMethodWorker.java:148)
	at org.testng.internal.invokers.TestMethodWorker.run(TestMethodWorker.java:128)
	at java.base/java.util.ArrayList.forEach(ArrayList.java:1511)
	at org.testng.TestRunner.privateRun(TestRunner.java:829)
	at org.testng.TestRunner.run(TestRunner.java:602)
	at org.testng.SuiteRunner.runTest(SuiteRunner.java:437)
	at org.testng.SuiteRunner.runSequentially(SuiteRunner.java:431)
	at org.testng.SuiteRunner.privateRun(SuiteRunner.java:391)
	at org.testng.SuiteRunner.run(SuiteRunner.java:330)
	at org.testng.SuiteRunnerWorker.runSuite(SuiteRunnerWorker.java:52)
	at org.testng.SuiteRunnerWorker.run(SuiteRunnerWorker.java:95)
	at org.testng.TestNG.runSuitesSequentially(TestNG.java:1256)
	at org.testng.TestNG.runSuitesLocally(TestNG.java:1176)
	at org.testng.TestNG.runSuites(TestNG.java:1099)
	at org.testng.TestNG.run(TestNG.java:1067)
	at org.testng.remote.AbstractRemoteTestNG.run(AbstractRemoteTestNG.java:115)
	at org.testng.remote.RemoteTestNG.initAndRun(RemoteTestNG.java:251)
	at org.testng.remote.RemoteTestNG.main(RemoteTestNG.java:77)
</pre></div></td>
<td>2</td>
<td>Netmeds_Test.Netmeds_Test_2@5524cca1</td></tr>
<tr>
<td title='Netmeds_Test.Netmeds_Test_1.Previous_Slider_Ad()'><b>Previous_Slider_Ad</b><br>Test class: Netmeds_Test.Netmeds_Test_1</td>
<td><div><pre>org.openqa.selenium.NoSuchElementException: no such element: Unable to locate element: {&quot;method&quot;:&quot;xpath&quot;,&quot;selector&quot;:&quot;(//div[@aria-label=&apos;Previous slide&apos;])[1]&quot;}
  (Session info: chrome=113.0.5672.93)
For documentation on this error, please visit: https://selenium.dev/exceptions/#no_such_element
Build info: version: &apos;4.8.3&apos;, revision: &apos;e5e76298c3&apos;
System info: os.name: &apos;Windows 10&apos;, os.arch: &apos;amd64&apos;, os.version: &apos;10.0&apos;, java.version: &apos;17.0.4.1&apos;
Driver info: org.openqa.selenium.chrome.ChromeDriver
Command: [5a1b4d9550fbdc221c23b12535c5e0e7, findElement {using=xpath, value=(//div[@aria-label=&apos;Previous slide&apos;])[1]}]
Capabilities {acceptInsecureCerts: false, browserName: chrome, browserVersion: 113.0.5672.93, chrome: {chromedriverVersion: 113.0.5672.63 (0e1a4471d5ae..., userDataDir: C:\Users\gukaur\AppData\Loc...}, goog:chromeOptions: {debuggerAddress: localhost:51958}, networkConnectionEnabled: false, pageLoadStrategy: normal, platformName: WINDOWS, proxy: Proxy(), se:cdp: ws://localhost:51958/devtoo..., se:cdpVersion: 113.0.5672.93, setWindowRect: true, strictFileInteractability: false, timeouts: {implicit: 0, pageLoad: 300000, script: 30000}, unhandledPromptBehavior: dismiss and notify, webauthn:extension:credBlob: true, webauthn:extension:largeBlob: true, webauthn:extension:minPinLength: true, webauthn:extension:prf: true, webauthn:virtualAuthenticators: true}
Session ID: 5a1b4d9550fbdc221c23b12535c5e0e7
	at org.openqa.selenium.remote.codec.w3c.W3CHttpResponseCodec.createException(W3CHttpResponseCodec.java:200)
	at org.openqa.selenium.remote.codec.w3c.W3CHttpResponseCodec.decode(W3CHttpResponseCodec.java:133)
	at org.openqa.selenium.remote.codec.w3c.W3CHttpResponseCodec.decode(W3CHttpResponseCodec.java:53)
	at org.openqa.selenium.remote.HttpCommandExecutor.execute(HttpCommandExecutor.java:193)
	at org.openqa.selenium.remote.service.DriverCommandExecutor.invokeExecute(DriverCommandExecutor.java:183)
	at org.openqa.selenium.remote.service.DriverCommandExecutor.execute(DriverCommandExecutor.java:158)
	at org.openqa.selenium.remote.RemoteWebDriver.execute(RemoteWebDriver.java:543)
	at org.openqa.selenium.remote.ElementLocation$ElementFinder$2.findElement(ElementLocation.java:162)
	at org.openqa.selenium.remote.ElementLocation.findElement(ElementLocation.java:60)
	at org.openqa.selenium.remote.RemoteWebDriver.findElement(RemoteWebDriver.java:352)
	at org.openqa.selenium.remote.RemoteWebDriver.findElement(RemoteWebDriver.java:344)
	at org.openqa.selenium.support.pagefactory.DefaultElementLocator.findElement(DefaultElementLocator.java:70)
	at org.openqa.selenium.support.pagefactory.internal.LocatingElementHandler.invoke(LocatingElementHandler.java:39)
	at jdk.proxy2/jdk.proxy2.$Proxy19.isDisplayed(Unknown Source)
	at Netmeds_Test.Netmeds_Test_1.Previous_Slider_Ad(Netmeds_Test_1.java:271)
	at java.base/java.util.ArrayList.forEach(ArrayList.java:1511)
... Removed 32 stack frames</pre></div><a href='#' onClick='toggleBox("stack-trace1845746463", this, "Click to show all stack frames", "Click to hide stack frames")'>Click to show all stack frames</a>
<div class='stack-trace' id='stack-trace1845746463'><pre>org.openqa.selenium.NoSuchElementException: no such element: Unable to locate element: {&quot;method&quot;:&quot;xpath&quot;,&quot;selector&quot;:&quot;(//div[@aria-label=&apos;Previous slide&apos;])[1]&quot;}
  (Session info: chrome=113.0.5672.93)
For documentation on this error, please visit: https://selenium.dev/exceptions/#no_such_element
Build info: version: &apos;4.8.3&apos;, revision: &apos;e5e76298c3&apos;
System info: os.name: &apos;Windows 10&apos;, os.arch: &apos;amd64&apos;, os.version: &apos;10.0&apos;, java.version: &apos;17.0.4.1&apos;
Driver info: org.openqa.selenium.chrome.ChromeDriver
Command: [5a1b4d9550fbdc221c23b12535c5e0e7, findElement {using=xpath, value=(//div[@aria-label=&apos;Previous slide&apos;])[1]}]
Capabilities {acceptInsecureCerts: false, browserName: chrome, browserVersion: 113.0.5672.93, chrome: {chromedriverVersion: 113.0.5672.63 (0e1a4471d5ae..., userDataDir: C:\Users\gukaur\AppData\Loc...}, goog:chromeOptions: {debuggerAddress: localhost:51958}, networkConnectionEnabled: false, pageLoadStrategy: normal, platformName: WINDOWS, proxy: Proxy(), se:cdp: ws://localhost:51958/devtoo..., se:cdpVersion: 113.0.5672.93, setWindowRect: true, strictFileInteractability: false, timeouts: {implicit: 0, pageLoad: 300000, script: 30000}, unhandledPromptBehavior: dismiss and notify, webauthn:extension:credBlob: true, webauthn:extension:largeBlob: true, webauthn:extension:minPinLength: true, webauthn:extension:prf: true, webauthn:virtualAuthenticators: true}
Session ID: 5a1b4d9550fbdc221c23b12535c5e0e7
	at java.base/jdk.internal.reflect.NativeConstructorAccessorImpl.newInstance0(Native Method)
	at java.base/jdk.internal.reflect.NativeConstructorAccessorImpl.newInstance(NativeConstructorAccessorImpl.java:77)
	at java.base/jdk.internal.reflect.DelegatingConstructorAccessorImpl.newInstance(DelegatingConstructorAccessorImpl.java:45)
	at java.base/java.lang.reflect.Constructor.newInstanceWithCaller(Constructor.java:499)
	at java.base/java.lang.reflect.Constructor.newInstance(Constructor.java:480)
	at org.openqa.selenium.remote.codec.w3c.W3CHttpResponseCodec.createException(W3CHttpResponseCodec.java:200)
	at org.openqa.selenium.remote.codec.w3c.W3CHttpResponseCodec.decode(W3CHttpResponseCodec.java:133)
	at org.openqa.selenium.remote.codec.w3c.W3CHttpResponseCodec.decode(W3CHttpResponseCodec.java:53)
	at org.openqa.selenium.remote.HttpCommandExecutor.execute(HttpCommandExecutor.java:193)
	at org.openqa.selenium.remote.service.DriverCommandExecutor.invokeExecute(DriverCommandExecutor.java:183)
	at org.openqa.selenium.remote.service.DriverCommandExecutor.execute(DriverCommandExecutor.java:158)
	at org.openqa.selenium.remote.RemoteWebDriver.execute(RemoteWebDriver.java:543)
	at org.openqa.selenium.remote.ElementLocation$ElementFinder$2.findElement(ElementLocation.java:162)
	at org.openqa.selenium.remote.ElementLocation.findElement(ElementLocation.java:60)
	at org.openqa.selenium.remote.RemoteWebDriver.findElement(RemoteWebDriver.java:352)
	at org.openqa.selenium.remote.RemoteWebDriver.findElement(RemoteWebDriver.java:344)
	at org.openqa.selenium.support.pagefactory.DefaultElementLocator.findElement(DefaultElementLocator.java:70)
	at org.openqa.selenium.support.pagefactory.internal.LocatingElementHandler.invoke(LocatingElementHandler.java:39)
	at jdk.proxy2/jdk.proxy2.$Proxy19.isDisplayed(Unknown Source)
	at Netmeds_Test.Netmeds_Test_1.Previous_Slider_Ad(Netmeds_Test_1.java:271)
	at java.base/jdk.internal.reflect.NativeMethodAccessorImpl.invoke0(Native Method)
	at java.base/jdk.internal.reflect.NativeMethodAccessorImpl.invoke(NativeMethodAccessorImpl.java:77)
	at java.base/jdk.internal.reflect.DelegatingMethodAccessorImpl.invoke(DelegatingMethodAccessorImpl.java:43)
	at java.base/java.lang.reflect.Method.invoke(Method.java:568)
	at org.testng.internal.invokers.MethodInvocationHelper.invokeMethod(MethodInvocationHelper.java:139)
	at org.testng.internal.invokers.TestInvoker.invokeMethod(TestInvoker.java:677)
	at org.testng.internal.invokers.TestInvoker.invokeTestMethod(TestInvoker.java:221)
	at org.testng.internal.invokers.MethodRunner.runInSequence(MethodRunner.java:50)
	at org.testng.internal.invokers.TestInvoker$MethodInvocationAgent.invoke(TestInvoker.java:969)
	at org.testng.internal.invokers.TestInvoker.invokeTestMethods(TestInvoker.java:194)
	at org.testng.internal.invokers.TestMethodWorker.invokeTestMethods(TestMethodWorker.java:148)
	at org.testng.internal.invokers.TestMethodWorker.run(TestMethodWorker.java:128)
	at java.base/java.util.ArrayList.forEach(ArrayList.java:1511)
	at org.testng.TestRunner.privateRun(TestRunner.java:829)
	at org.testng.TestRunner.run(TestRunner.java:602)
	at org.testng.SuiteRunner.runTest(SuiteRunner.java:437)
	at org.testng.SuiteRunner.runSequentially(SuiteRunner.java:431)
	at org.testng.SuiteRunner.privateRun(SuiteRunner.java:391)
	at org.testng.SuiteRunner.run(SuiteRunner.java:330)
	at org.testng.SuiteRunnerWorker.runSuite(SuiteRunnerWorker.java:52)
	at org.testng.SuiteRunnerWorker.run(SuiteRunnerWorker.java:95)
	at org.testng.TestNG.runSuitesSequentially(TestNG.java:1256)
	at org.testng.TestNG.runSuitesLocally(TestNG.java:1176)
	at org.testng.TestNG.runSuites(TestNG.java:1099)
	at org.testng.TestNG.run(TestNG.java:1067)
	at org.testng.remote.AbstractRemoteTestNG.run(AbstractRemoteTestNG.java:115)
	at org.testng.remote.RemoteTestNG.initAndRun(RemoteTestNG.java:251)
	at org.testng.remote.RemoteTestNG.main(RemoteTestNG.java:77)
</pre></div></td>
<td>2</td>
<td>Netmeds_Test.Netmeds_Test_1@cc43f62</td></tr>
<tr>
<td title='Netmeds_Test.Netmeds_Test_1.Next_Slider_Ad()'><b>Next_Slider_Ad</b><br>Test class: Netmeds_Test.Netmeds_Test_1</td>
<td><div><pre>org.openqa.selenium.NoSuchElementException: no such element: Unable to locate element: {&quot;method&quot;:&quot;xpath&quot;,&quot;selector&quot;:&quot;(//div[@aria-label=&apos;Next slide&apos;])[1]&quot;}
  (Session info: chrome=113.0.5672.93)
For documentation on this error, please visit: https://selenium.dev/exceptions/#no_such_element
Build info: version: &apos;4.8.3&apos;, revision: &apos;e5e76298c3&apos;
System info: os.name: &apos;Windows 10&apos;, os.arch: &apos;amd64&apos;, os.version: &apos;10.0&apos;, java.version: &apos;17.0.4.1&apos;
Driver info: org.openqa.selenium.chrome.ChromeDriver
Command: [5a1b4d9550fbdc221c23b12535c5e0e7, findElement {using=xpath, value=(//div[@aria-label=&apos;Next slide&apos;])[1]}]
Capabilities {acceptInsecureCerts: false, browserName: chrome, browserVersion: 113.0.5672.93, chrome: {chromedriverVersion: 113.0.5672.63 (0e1a4471d5ae..., userDataDir: C:\Users\gukaur\AppData\Loc...}, goog:chromeOptions: {debuggerAddress: localhost:51958}, networkConnectionEnabled: false, pageLoadStrategy: normal, platformName: WINDOWS, proxy: Proxy(), se:cdp: ws://localhost:51958/devtoo..., se:cdpVersion: 113.0.5672.93, setWindowRect: true, strictFileInteractability: false, timeouts: {implicit: 0, pageLoad: 300000, script: 30000}, unhandledPromptBehavior: dismiss and notify, webauthn:extension:credBlob: true, webauthn:extension:largeBlob: true, webauthn:extension:minPinLength: true, webauthn:extension:prf: true, webauthn:virtualAuthenticators: true}
Session ID: 5a1b4d9550fbdc221c23b12535c5e0e7
	at org.openqa.selenium.remote.codec.w3c.W3CHttpResponseCodec.createException(W3CHttpResponseCodec.java:200)
	at org.openqa.selenium.remote.codec.w3c.W3CHttpResponseCodec.decode(W3CHttpResponseCodec.java:133)
	at org.openqa.selenium.remote.codec.w3c.W3CHttpResponseCodec.decode(W3CHttpResponseCodec.java:53)
	at org.openqa.selenium.remote.HttpCommandExecutor.execute(HttpCommandExecutor.java:193)
	at org.openqa.selenium.remote.service.DriverCommandExecutor.invokeExecute(DriverCommandExecutor.java:183)
	at org.openqa.selenium.remote.service.DriverCommandExecutor.execute(DriverCommandExecutor.java:158)
	at org.openqa.selenium.remote.RemoteWebDriver.execute(RemoteWebDriver.java:543)
	at org.openqa.selenium.remote.ElementLocation$ElementFinder$2.findElement(ElementLocation.java:162)
	at org.openqa.selenium.remote.ElementLocation.findElement(ElementLocation.java:60)
	at org.openqa.selenium.remote.RemoteWebDriver.findElement(RemoteWebDriver.java:352)
	at org.openqa.selenium.remote.RemoteWebDriver.findElement(RemoteWebDriver.java:344)
	at org.openqa.selenium.support.pagefactory.DefaultElementLocator.findElement(DefaultElementLocator.java:70)
	at org.openqa.selenium.support.pagefactory.internal.LocatingElementHandler.invoke(LocatingElementHandler.java:39)
	at jdk.proxy2/jdk.proxy2.$Proxy19.isDisplayed(Unknown Source)
	at Netmeds_Test.Netmeds_Test_1.Next_Slider_Ad(Netmeds_Test_1.java:264)
	at java.base/java.util.ArrayList.forEach(ArrayList.java:1511)
... Removed 32 stack frames</pre></div><a href='#' onClick='toggleBox("stack-trace1201360998", this, "Click to show all stack frames", "Click to hide stack frames")'>Click to show all stack frames</a>
<div class='stack-trace' id='stack-trace1201360998'><pre>org.openqa.selenium.NoSuchElementException: no such element: Unable to locate element: {&quot;method&quot;:&quot;xpath&quot;,&quot;selector&quot;:&quot;(//div[@aria-label=&apos;Next slide&apos;])[1]&quot;}
  (Session info: chrome=113.0.5672.93)
For documentation on this error, please visit: https://selenium.dev/exceptions/#no_such_element
Build info: version: &apos;4.8.3&apos;, revision: &apos;e5e76298c3&apos;
System info: os.name: &apos;Windows 10&apos;, os.arch: &apos;amd64&apos;, os.version: &apos;10.0&apos;, java.version: &apos;17.0.4.1&apos;
Driver info: org.openqa.selenium.chrome.ChromeDriver
Command: [5a1b4d9550fbdc221c23b12535c5e0e7, findElement {using=xpath, value=(//div[@aria-label=&apos;Next slide&apos;])[1]}]
Capabilities {acceptInsecureCerts: false, browserName: chrome, browserVersion: 113.0.5672.93, chrome: {chromedriverVersion: 113.0.5672.63 (0e1a4471d5ae..., userDataDir: C:\Users\gukaur\AppData\Loc...}, goog:chromeOptions: {debuggerAddress: localhost:51958}, networkConnectionEnabled: false, pageLoadStrategy: normal, platformName: WINDOWS, proxy: Proxy(), se:cdp: ws://localhost:51958/devtoo..., se:cdpVersion: 113.0.5672.93, setWindowRect: true, strictFileInteractability: false, timeouts: {implicit: 0, pageLoad: 300000, script: 30000}, unhandledPromptBehavior: dismiss and notify, webauthn:extension:credBlob: true, webauthn:extension:largeBlob: true, webauthn:extension:minPinLength: true, webauthn:extension:prf: true, webauthn:virtualAuthenticators: true}
Session ID: 5a1b4d9550fbdc221c23b12535c5e0e7
	at java.base/jdk.internal.reflect.NativeConstructorAccessorImpl.newInstance0(Native Method)
	at java.base/jdk.internal.reflect.NativeConstructorAccessorImpl.newInstance(NativeConstructorAccessorImpl.java:77)
	at java.base/jdk.internal.reflect.DelegatingConstructorAccessorImpl.newInstance(DelegatingConstructorAccessorImpl.java:45)
	at java.base/java.lang.reflect.Constructor.newInstanceWithCaller(Constructor.java:499)
	at java.base/java.lang.reflect.Constructor.newInstance(Constructor.java:480)
	at org.openqa.selenium.remote.codec.w3c.W3CHttpResponseCodec.createException(W3CHttpResponseCodec.java:200)
	at org.openqa.selenium.remote.codec.w3c.W3CHttpResponseCodec.decode(W3CHttpResponseCodec.java:133)
	at org.openqa.selenium.remote.codec.w3c.W3CHttpResponseCodec.decode(W3CHttpResponseCodec.java:53)
	at org.openqa.selenium.remote.HttpCommandExecutor.execute(HttpCommandExecutor.java:193)
	at org.openqa.selenium.remote.service.DriverCommandExecutor.invokeExecute(DriverCommandExecutor.java:183)
	at org.openqa.selenium.remote.service.DriverCommandExecutor.execute(DriverCommandExecutor.java:158)
	at org.openqa.selenium.remote.RemoteWebDriver.execute(RemoteWebDriver.java:543)
	at org.openqa.selenium.remote.ElementLocation$ElementFinder$2.findElement(ElementLocation.java:162)
	at org.openqa.selenium.remote.ElementLocation.findElement(ElementLocation.java:60)
	at org.openqa.selenium.remote.RemoteWebDriver.findElement(RemoteWebDriver.java:352)
	at org.openqa.selenium.remote.RemoteWebDriver.findElement(RemoteWebDriver.java:344)
	at org.openqa.selenium.support.pagefactory.DefaultElementLocator.findElement(DefaultElementLocator.java:70)
	at org.openqa.selenium.support.pagefactory.internal.LocatingElementHandler.invoke(LocatingElementHandler.java:39)
	at jdk.proxy2/jdk.proxy2.$Proxy19.isDisplayed(Unknown Source)
	at Netmeds_Test.Netmeds_Test_1.Next_Slider_Ad(Netmeds_Test_1.java:264)
	at java.base/jdk.internal.reflect.NativeMethodAccessorImpl.invoke0(Native Method)
	at java.base/jdk.internal.reflect.NativeMethodAccessorImpl.invoke(NativeMethodAccessorImpl.java:77)
	at java.base/jdk.internal.reflect.DelegatingMethodAccessorImpl.invoke(DelegatingMethodAccessorImpl.java:43)
	at java.base/java.lang.reflect.Method.invoke(Method.java:568)
	at org.testng.internal.invokers.MethodInvocationHelper.invokeMethod(MethodInvocationHelper.java:139)
	at org.testng.internal.invokers.TestInvoker.invokeMethod(TestInvoker.java:677)
	at org.testng.internal.invokers.TestInvoker.invokeTestMethod(TestInvoker.java:221)
	at org.testng.internal.invokers.MethodRunner.runInSequence(MethodRunner.java:50)
	at org.testng.internal.invokers.TestInvoker$MethodInvocationAgent.invoke(TestInvoker.java:969)
	at org.testng.internal.invokers.TestInvoker.invokeTestMethods(TestInvoker.java:194)
	at org.testng.internal.invokers.TestMethodWorker.invokeTestMethods(TestMethodWorker.java:148)
	at org.testng.internal.invokers.TestMethodWorker.run(TestMethodWorker.java:128)
	at java.base/java.util.ArrayList.forEach(ArrayList.java:1511)
	at org.testng.TestRunner.privateRun(TestRunner.java:829)
	at org.testng.TestRunner.run(TestRunner.java:602)
	at org.testng.SuiteRunner.runTest(SuiteRunner.java:437)
	at org.testng.SuiteRunner.runSequentially(SuiteRunner.java:431)
	at org.testng.SuiteRunner.privateRun(SuiteRunner.java:391)
	at org.testng.SuiteRunner.run(SuiteRunner.java:330)
	at org.testng.SuiteRunnerWorker.runSuite(SuiteRunnerWorker.java:52)
	at org.testng.SuiteRunnerWorker.run(SuiteRunnerWorker.java:95)
	at org.testng.TestNG.runSuitesSequentially(TestNG.java:1256)
	at org.testng.TestNG.runSuitesLocally(TestNG.java:1176)
	at org.testng.TestNG.runSuites(TestNG.java:1099)
	at org.testng.TestNG.run(TestNG.java:1067)
	at org.testng.remote.AbstractRemoteTestNG.run(AbstractRemoteTestNG.java:115)
	at org.testng.remote.RemoteTestNG.initAndRun(RemoteTestNG.java:251)
	at org.testng.remote.RemoteTestNG.main(RemoteTestNG.java:77)
</pre></div></td>
<td>0</td>
<td>Netmeds_Test.Netmeds_Test_1@cc43f62</td></tr>
</table><p>
<table width='100%' border='1' class='invocation-passed'>
<tr><td colspan='4' align='center'><b>PASSED TESTS</b></td></tr>
<tr><td><b>Test method</b></td>
<td><b>Attribute(s)</b></td>
<td width="30%"><b>Exception</b></td>
<td width="10%"><b>Time (seconds)</b></td>
<td><b>Instance</b></td>
</tr>
<tr>
<td title='Netmeds_Test.Netmeds_Test_1.Wellness_Devices()'><b>Wellness_Devices</b><br>Test class: Netmeds_Test.Netmeds_Test_1</td>
<td></td>
<td>4</td>
<td>Netmeds_Test.Netmeds_Test_1@cc43f62</td></tr>
<tr>
<td title='Netmeds_Test.Netmeds_Test_1.Wellness_CovidEssentials()'><b>Wellness_CovidEssentials</b><br>Test class: Netmeds_Test.Netmeds_Test_1</td>
<td></td>
<td>1</td>
<td>Netmeds_Test.Netmeds_Test_1@cc43f62</td></tr>
<tr>
<td title='Netmeds_Test.Netmeds_Test_1.Search()'><b>Search</b><br>Test class: Netmeds_Test.Netmeds_Test_1</td>
<td></td>
<td>9</td>
<td>Netmeds_Test.Netmeds_Test_1@cc43f62</td></tr>
<tr>
<td title='Netmeds_Test.Netmeds_Test_3.Health_Concerns()'><b>Health_Concerns</b><br>Test class: Netmeds_Test.Netmeds_Test_3</td>
<td></td>
<td>2</td>
<td>Netmeds_Test.Netmeds_Test_3@5032714f</td></tr>
<tr>
<td title='Netmeds_Test.Netmeds_Test_2.Lab_Tests()'><b>Lab_Tests</b><br>Test class: Netmeds_Test.Netmeds_Test_2</td>
<td></td>
<td>3</td>
<td>Netmeds_Test.Netmeds_Test_2@5524cca1</td></tr>
<tr>
<td title='Netmeds_Test.Netmeds_Test_2.Apply_PromoCode()'><b>Apply_PromoCode</b><br>Test class: Netmeds_Test.Netmeds_Test_2</td>
<td></td>
<td>0</td>
<td>Netmeds_Test.Netmeds_Test_2@5524cca1</td></tr>
<tr>
<td title='Netmeds_Test.Netmeds_Test_2.Add_Item()'><b>Add_Item</b><br>Test class: Netmeds_Test.Netmeds_Test_2</td>
<td></td>
<td>2</td>
<td>Netmeds_Test.Netmeds_Test_2@5524cca1</td></tr>
<tr>
<td title='Netmeds_Test.Netmeds_Test_2.Order_Count()'><b>Order_Count</b><br>Test class: Netmeds_Test.Netmeds_Test_2</td>
<td></td>
<td>0</td>
<td>Netmeds_Test.Netmeds_Test_2@5524cca1</td></tr>
<tr>
<td title='Netmeds_Test.Netmeds_Test_2.Health_packages1()'><b>Health_packages1</b><br>Test class: Netmeds_Test.Netmeds_Test_2</td>
<td></td>
<td>4</td>
<td>Netmeds_Test.Netmeds_Test_2@5524cca1</td></tr>
<tr>
<td title='Netmeds_Test.Netmeds_Test_2.Sel_Coupon()'><b>Sel_Coupon</b><br>Test class: Netmeds_Test.Netmeds_Test_2</td>
<td></td>
<td>0</td>
<td>Netmeds_Test.Netmeds_Test_2@5524cca1</td></tr>
<tr>
<td title='Netmeds_Test.Netmeds_Test_3.Upload_Now()'><b>Upload_Now</b><br>Test class: Netmeds_Test.Netmeds_Test_3</td>
<td></td>
<td>0</td>
<td>Netmeds_Test.Netmeds_Test_3@5032714f</td></tr>
<tr>
<td title='Netmeds_Test.Netmeds_Test_2.Health_Corner_HealthLibrary()'><b>Health_Corner_HealthLibrary</b><br>Test class: Netmeds_Test.Netmeds_Test_2</td>
<td></td>
<td>4</td>
<td>Netmeds_Test.Netmeds_Test_2@5524cca1</td></tr>
<tr>
<td title='Netmeds_Test.Netmeds_Test_2.View_Offer()'><b>View_Offer</b><br>Test class: Netmeds_Test.Netmeds_Test_2</td>
<td></td>
<td>0</td>
<td>Netmeds_Test.Netmeds_Test_2@5524cca1</td></tr>
<tr>
<td title='Netmeds_Test.Netmeds_Test_1.Wellness_Fitness()'><b>Wellness_Fitness</b><br>Test class: Netmeds_Test.Netmeds_Test_1</td>
<td></td>
<td>7</td>
<td>Netmeds_Test.Netmeds_Test_1@cc43f62</td></tr>
<tr>
<td title='Netmeds_Test.Netmeds_Test_1.Navigation_Section()'><b>Navigation_Section</b><br>Test class: Netmeds_Test.Netmeds_Test_1</td>
<td></td>
<td>0</td>
<td>Netmeds_Test.Netmeds_Test_1@cc43f62</td></tr>
<tr>
<td title='Netmeds_Test.Netmeds_Test_2.Beauty_Makeup()'><b>Beauty_Makeup</b><br>Test class: Netmeds_Test.Netmeds_Test_2</td>
<td></td>
<td>5</td>
<td>Netmeds_Test.Netmeds_Test_2@5524cca1</td></tr>
<tr>
<td title='Netmeds_Test.Netmeds_Test_2.Beauty_Fragrances()'><b>Beauty_Fragrances</b><br>Test class: Netmeds_Test.Netmeds_Test_2</td>
<td></td>
<td>6</td>
<td>Netmeds_Test.Netmeds_Test_2@5524cca1</td></tr>
<tr>
<td title='Netmeds_Test.Netmeds_Test_2.Add_to_Cart()'><b>Add_to_Cart</b><br>Test class: Netmeds_Test.Netmeds_Test_2</td>
<td></td>
<td>3</td>
<td>Netmeds_Test.Netmeds_Test_2@5524cca1</td></tr>
<tr>
<td title='Netmeds_Test.Netmeds_Test_2.Select_Offer()'><b>Select_Offer</b><br>Test class: Netmeds_Test.Netmeds_Test_2</td>
<td></td>
<td>3</td>
<td>Netmeds_Test.Netmeds_Test_2@5524cca1</td></tr>
<tr>
<td title='Netmeds_Test.Netmeds_Test_2.Health_Library()'><b>Health_Library</b><br>Test class: Netmeds_Test.Netmeds_Test_2</td>
<td></td>
<td>0</td>
<td>Netmeds_Test.Netmeds_Test_2@5524cca1</td></tr>
<tr>
<td title='Netmeds_Test.Netmeds_Test_3.Weight_Care()'><b>Weight_Care</b><br>Test class: Netmeds_Test.Netmeds_Test_3</td>
<td></td>
<td>5</td>
<td>Netmeds_Test.Netmeds_Test_3@5032714f</td></tr>
<tr>
<td title='Netmeds_Test.Netmeds_Test_1.Wellness_Diabetes_Support()'><b>Wellness_Diabetes_Support</b><br>Test class: Netmeds_Test.Netmeds_Test_1</td>
<td></td>
<td>4</td>
<td>Netmeds_Test.Netmeds_Test_1@cc43f62</td></tr>
<tr>
<td title='Netmeds_Test.Netmeds_Test_1.Diabetes()'><b>Diabetes</b><br>Test class: Netmeds_Test.Netmeds_Test_1</td>
<td></td>
<td>4</td>
<td>Netmeds_Test.Netmeds_Test_1@cc43f62</td></tr>
<tr>
<td title='Netmeds_Test.Netmeds_Test_2.Count_Items()'><b>Count_Items</b><br>Test class: Netmeds_Test.Netmeds_Test_2</td>
<td></td>
<td>2</td>
<td>Netmeds_Test.Netmeds_Test_2@5524cca1</td></tr>
<tr>
<td title='Netmeds_Test.Netmeds_Test_1.Devices()'><b>Devices</b><br>Test class: Netmeds_Test.Netmeds_Test_1</td>
<td></td>
<td>4</td>
<td>Netmeds_Test.Netmeds_Test_1@cc43f62</td></tr>
<tr>
<td title='Netmeds_Test.Netmeds_Test_2.Health_packages2()'><b>Health_packages2</b><br>Test class: Netmeds_Test.Netmeds_Test_2</td>
<td></td>
<td>2</td>
<td>Netmeds_Test.Netmeds_Test_2@5524cca1</td></tr>
<tr>
<td title='Netmeds_Test.Netmeds_Test_3.Lung_Care()'><b>Lung_Care</b><br>Test class: Netmeds_Test.Netmeds_Test_3</td>
<td></td>
<td>3</td>
<td>Netmeds_Test.Netmeds_Test_3@5032714f</td></tr>
<tr>
<td title='Netmeds_Test.Netmeds_Test_3.Measurements()'><b>Measurements</b><br>Test class: Netmeds_Test.Netmeds_Test_3</td>
<td></td>
<td>4</td>
<td>Netmeds_Test.Netmeds_Test_3@5032714f</td></tr>
<tr>
<td title='Netmeds_Test.Netmeds_Test_1.Wellness_Ayush()'><b>Wellness_Ayush</b><br>Test class: Netmeds_Test.Netmeds_Test_1</td>
<td></td>
<td>8</td>
<td>Netmeds_Test.Netmeds_Test_1@cc43f62</td></tr>
<tr>
<td title='Netmeds_Test.Netmeds_Test_2.Order_Summary()'><b>Order_Summary</b><br>Test class: Netmeds_Test.Netmeds_Test_2</td>
<td></td>
<td>0</td>
<td>Netmeds_Test.Netmeds_Test_2@5524cca1</td></tr>
<tr>
<td title='Netmeds_Test.Netmeds_Test_2.Beauty_Hair()'><b>Beauty_Hair</b><br>Test class: Netmeds_Test.Netmeds_Test_2</td>
<td></td>
<td>5</td>
<td>Netmeds_Test.Netmeds_Test_2@5524cca1</td></tr>
<tr>
<td title='Netmeds_Test.Netmeds_Test_1.Veterinary()'><b>Veterinary</b><br>Test class: Netmeds_Test.Netmeds_Test_1</td>
<td></td>
<td>5</td>
<td>Netmeds_Test.Netmeds_Test_1@cc43f62</td></tr>
<tr>
<td title='Netmeds_Test.Netmeds_Test_2.Health_packages3()'><b>Health_packages3</b><br>Test class: Netmeds_Test.Netmeds_Test_2</td>
<td></td>
<td>2</td>
<td>Netmeds_Test.Netmeds_Test_2@5524cca1</td></tr>
<tr>
<td title='Netmeds_Test.Netmeds_Test_2.Count_Offers()'><b>Count_Offers</b><br>Test class: Netmeds_Test.Netmeds_Test_2</td>
<td></td>
<td>3</td>
<td>Netmeds_Test.Netmeds_Test_2@5524cca1</td></tr>
<tr>
<td title='Netmeds_Test.Netmeds_Test_3.Order_Medicine()'><b>Order_Medicine</b><br>Test class: Netmeds_Test.Netmeds_Test_3</td>
<td></td>
<td>0</td>
<td>Netmeds_Test.Netmeds_Test_3@5032714f</td></tr>
<tr>
<td title='Netmeds_Test.Netmeds_Test_2.Offers()'><b>Offers</b><br>Test class: Netmeds_Test.Netmeds_Test_2</td>
<td></td>
<td>0</td>
<td>Netmeds_Test.Netmeds_Test_2@5524cca1</td></tr>
<tr>
<td title='Netmeds_Test.Netmeds_Test_2.Coupon_List()'><b>Coupon_List</b><br>Test class: Netmeds_Test.Netmeds_Test_2</td>
<td></td>
<td>0</td>
<td>Netmeds_Test.Netmeds_Test_2@5524cca1</td></tr>
<tr>
<td title='Netmeds_Test.Netmeds_Test_1.Wellness_Eyewear()'><b>Wellness_Eyewear</b><br>Test class: Netmeds_Test.Netmeds_Test_1</td>
<td></td>
<td>4</td>
<td>Netmeds_Test.Netmeds_Test_1@cc43f62</td></tr>
<tr>
<td title='Netmeds_Test.Netmeds_Test_2.CoronaAwarenes()'><b>CoronaAwarenes</b><br>Test class: Netmeds_Test.Netmeds_Test_2</td>
<td></td>
<td>2</td>
<td>Netmeds_Test.Netmeds_Test_2@5524cca1</td></tr>
<tr>
<td title='Netmeds_Test.Netmeds_Test_1.Medicine()'><b>Medicine</b><br>Test class: Netmeds_Test.Netmeds_Test_1</td>
<td></td>
<td>13</td>
<td>Netmeds_Test.Netmeds_Test_1@cc43f62</td></tr>
<tr>
<td title='Netmeds_Test.Netmeds_Test_1.Logo_Visibility()'><b>Logo_Visibility</b><br>Test class: Netmeds_Test.Netmeds_Test_1</td>
<td></td>
<td>2</td>
<td>Netmeds_Test.Netmeds_Test_1@cc43f62</td></tr>
<tr>
<td title='Netmeds_Test.Netmeds_Test_2.Patients_alike()'><b>Patients_alike</b><br>Test class: Netmeds_Test.Netmeds_Test_2</td>
<td></td>
<td>2</td>
<td>Netmeds_Test.Netmeds_Test_2@5524cca1</td></tr>
<tr>
<td title='Netmeds_Test.Netmeds_Test_2.Beauty_MomBaby()'><b>Beauty_MomBaby</b><br>Test class: Netmeds_Test.Netmeds_Test_2</td>
<td></td>
<td>5</td>
<td>Netmeds_Test.Netmeds_Test_2@5524cca1</td></tr>
<tr>
<td title='Netmeds_Test.Netmeds_Test_2.Beauty_PersonalCare()'><b>Beauty_PersonalCare</b><br>Test class: Netmeds_Test.Netmeds_Test_2</td>
<td></td>
<td>5</td>
<td>Netmeds_Test.Netmeds_Test_2@5524cca1</td></tr>
<tr>
<td title='Netmeds_Test.Netmeds_Test_1.COVID_Essentials()'><b>COVID_Essentials</b><br>Test class: Netmeds_Test.Netmeds_Test_1</td>
<td></td>
<td>3</td>
<td>Netmeds_Test.Netmeds_Test_1@cc43f62</td></tr>
<tr>
<td title='Netmeds_Test.Netmeds_Test_2.Cart()'><b>Cart</b><br>Test class: Netmeds_Test.Netmeds_Test_2</td>
<td></td>
<td>5</td>
<td>Netmeds_Test.Netmeds_Test_2@5524cca1</td></tr>
<tr>
<td title='Netmeds_Test.Netmeds_Test_2.Delivery_Status()'><b>Delivery_Status</b><br>Test class: Netmeds_Test.Netmeds_Test_2</td>
<td></td>
<td>2</td>
<td>Netmeds_Test.Netmeds_Test_2@5524cca1</td></tr>
<tr>
<td title='Netmeds_Test.Netmeds_Test_3.Shop_by_Category()'><b>Shop_by_Category</b><br>Test class: Netmeds_Test.Netmeds_Test_3</td>
<td></td>
<td>0</td>
<td>Netmeds_Test.Netmeds_Test_3@5032714f</td></tr>
<tr>
<td title='Netmeds_Test.Netmeds_Test_2.Payment_Details()'><b>Payment_Details</b><br>Test class: Netmeds_Test.Netmeds_Test_2</td>
<td></td>
<td>0</td>
<td>Netmeds_Test.Netmeds_Test_2@5524cca1</td></tr>
<tr>
<td title='Netmeds_Test.Netmeds_Test_3.Orthopaedics()'><b>Orthopaedics</b><br>Test class: Netmeds_Test.Netmeds_Test_3</td>
<td></td>
<td>3</td>
<td>Netmeds_Test.Netmeds_Test_3@5032714f</td></tr>
<tr>
<td title='Netmeds_Test.Netmeds_Test_3.Petcare()'><b>Petcare</b><br>Test class: Netmeds_Test.Netmeds_Test_3</td>
<td></td>
<td>4</td>
<td>Netmeds_Test.Netmeds_Test_3@5032714f</td></tr>
<tr>
<td title='Netmeds_Test.Netmeds_Test_3.Dilutions()'><b>Dilutions</b><br>Test class: Netmeds_Test.Netmeds_Test_3</td>
<td></td>
<td>3</td>
<td>Netmeds_Test.Netmeds_Test_3@5032714f</td></tr>
<tr>
<td title='Netmeds_Test.Netmeds_Test_2.Cart_Product()'><b>Cart_Product</b><br>Test class: Netmeds_Test.Netmeds_Test_2</td>
<td></td>
<td>0</td>
<td>Netmeds_Test.Netmeds_Test_2@5524cca1</td></tr>
<tr>
<td title='Netmeds_Test.Netmeds_Test_2.Proceed()'><b>Proceed</b><br>Test class: Netmeds_Test.Netmeds_Test_2</td>
<td></td>
<td>0</td>
<td>Netmeds_Test.Netmeds_Test_2@5524cca1</td></tr>
<tr>
<td title='Netmeds_Test.Netmeds_Test_2.Remove_Product()'><b>Remove_Product</b><br>Test class: Netmeds_Test.Netmeds_Test_2</td>
<td></td>
<td>3</td>
<td>Netmeds_Test.Netmeds_Test_2@5524cca1</td></tr>
<tr>
<td title='Netmeds_Test.Netmeds_Test_3.Consult_Doctor()'><b>Consult_Doctor</b><br>Test class: Netmeds_Test.Netmeds_Test_3</td>
<td></td>
<td>0</td>
<td>Netmeds_Test.Netmeds_Test_3@5032714f</td></tr>
<tr>
<td title='Netmeds_Test.Netmeds_Test_1.Homeopathy()'><b>Homeopathy</b><br>Test class: Netmeds_Test.Netmeds_Test_1</td>
<td></td>
<td>5</td>
<td>Netmeds_Test.Netmeds_Test_1@cc43f62</td></tr>
<tr>
<td title='Netmeds_Test.Netmeds_Test_1.Wellness_Health_Conditions()'><b>Wellness_Health_Conditions</b><br>Test class: Netmeds_Test.Netmeds_Test_1</td>
<td></td>
<td>6</td>
<td>Netmeds_Test.Netmeds_Test_1@cc43f62</td></tr>
<tr>
<td title='Netmeds_Test.Netmeds_Test_2.Item_Info()'><b>Item_Info</b><br>Test class: Netmeds_Test.Netmeds_Test_2</td>
<td></td>
<td>2</td>
<td>Netmeds_Test.Netmeds_Test_2@5524cca1</td></tr>
<tr>
<td title='Netmeds_Test.Netmeds_Test_2.Beauty_SkinCare()'><b>Beauty_SkinCare</b><br>Test class: Netmeds_Test.Netmeds_Test_2</td>
<td></td>
<td>5</td>
<td>Netmeds_Test.Netmeds_Test_2@5524cca1</td></tr>
<tr>
<td title='Netmeds_Test.Netmeds_Test_3.Vitamins_Supplements()'><b>Vitamins_Supplements</b><br>Test class: Netmeds_Test.Netmeds_Test_3</td>
<td></td>
<td>4</td>
<td>Netmeds_Test.Netmeds_Test_3@5032714f</td></tr>
</table><p>
<table width='100%' border='1' class='invocation-skipped'>
<tr><td colspan='4' align='center'><b>SKIPPED TESTS</b></td></tr>
<tr><td><b>Test method</b></td>
<td><b>Attribute(s)</b></td>
<td width="30%"><b>Exception</b></td>
<td width="10%"><b>Time (seconds)</b></td>
<td><b>Instance</b></td>
</tr>
<tr>
<td title='Netmeds_Test.Netmeds_Test_1.Stores_List()'><b>Stores_List</b><br>Test class: Netmeds_Test.Netmeds_Test_1</td>
<td><div><pre>java.lang.Throwable: Method Netmeds_Test.Netmeds_Test_1.Stores_List() on instance Netmeds_Test.Netmeds_Test_1@cc43f62 depends on not successfully finished methods 
[Netmeds_Test.Netmeds_Test_1.Netmeds_Stores() on instance Netmeds_Test.Netmeds_Test_1@cc43f62]
	at java.base/java.util.ArrayList.forEach(ArrayList.java:1511)
... Removed 18 stack frames</pre></div><a href='#' onClick='toggleBox("stack-trace824691524", this, "Click to show all stack frames", "Click to hide stack frames")'>Click to show all stack frames</a>
<div class='stack-trace' id='stack-trace824691524'><pre>java.lang.Throwable: Method Netmeds_Test.Netmeds_Test_1.Stores_List() on instance Netmeds_Test.Netmeds_Test_1@cc43f62 depends on not successfully finished methods 
[Netmeds_Test.Netmeds_Test_1.Netmeds_Stores() on instance Netmeds_Test.Netmeds_Test_1@cc43f62]
	at org.testng.internal.invokers.TestInvoker.invokeTestMethods(TestInvoker.java:150)
	at org.testng.internal.invokers.TestMethodWorker.invokeTestMethods(TestMethodWorker.java:148)
	at org.testng.internal.invokers.TestMethodWorker.run(TestMethodWorker.java:128)
	at java.base/java.util.ArrayList.forEach(ArrayList.java:1511)
	at org.testng.TestRunner.privateRun(TestRunner.java:829)
	at org.testng.TestRunner.run(TestRunner.java:602)
	at org.testng.SuiteRunner.runTest(SuiteRunner.java:437)
	at org.testng.SuiteRunner.runSequentially(SuiteRunner.java:431)
	at org.testng.SuiteRunner.privateRun(SuiteRunner.java:391)
	at org.testng.SuiteRunner.run(SuiteRunner.java:330)
	at org.testng.SuiteRunnerWorker.runSuite(SuiteRunnerWorker.java:52)
	at org.testng.SuiteRunnerWorker.run(SuiteRunnerWorker.java:95)
	at org.testng.TestNG.runSuitesSequentially(TestNG.java:1256)
	at org.testng.TestNG.runSuitesLocally(TestNG.java:1176)
	at org.testng.TestNG.runSuites(TestNG.java:1099)
	at org.testng.TestNG.run(TestNG.java:1067)
	at org.testng.remote.AbstractRemoteTestNG.run(AbstractRemoteTestNG.java:115)
	at org.testng.remote.RemoteTestNG.initAndRun(RemoteTestNG.java:251)
	at org.testng.remote.RemoteTestNG.main(RemoteTestNG.java:77)
</pre></div></td>
<td>0</td>
<td>Netmeds_Test.Netmeds_Test_1@cc43f62</td></tr>
<tr>
<td title='Netmeds_Test.Netmeds_Test_1.Stores_Map()'><b>Stores_Map</b><br>Test class: Netmeds_Test.Netmeds_Test_1</td>
<td><div><pre>java.lang.Throwable: Method Netmeds_Test.Netmeds_Test_1.Stores_Map() on instance Netmeds_Test.Netmeds_Test_1@cc43f62 depends on not successfully finished methods 
[Netmeds_Test.Netmeds_Test_1.Netmeds_Stores() on instance Netmeds_Test.Netmeds_Test_1@cc43f62]
	at java.base/java.util.ArrayList.forEach(ArrayList.java:1511)
... Removed 18 stack frames</pre></div><a href='#' onClick='toggleBox("stack-trace1597425891", this, "Click to show all stack frames", "Click to hide stack frames")'>Click to show all stack frames</a>
<div class='stack-trace' id='stack-trace1597425891'><pre>java.lang.Throwable: Method Netmeds_Test.Netmeds_Test_1.Stores_Map() on instance Netmeds_Test.Netmeds_Test_1@cc43f62 depends on not successfully finished methods 
[Netmeds_Test.Netmeds_Test_1.Netmeds_Stores() on instance Netmeds_Test.Netmeds_Test_1@cc43f62]
	at org.testng.internal.invokers.TestInvoker.invokeTestMethods(TestInvoker.java:150)
	at org.testng.internal.invokers.TestMethodWorker.invokeTestMethods(TestMethodWorker.java:148)
	at org.testng.internal.invokers.TestMethodWorker.run(TestMethodWorker.java:128)
	at java.base/java.util.ArrayList.forEach(ArrayList.java:1511)
	at org.testng.TestRunner.privateRun(TestRunner.java:829)
	at org.testng.TestRunner.run(TestRunner.java:602)
	at org.testng.SuiteRunner.runTest(SuiteRunner.java:437)
	at org.testng.SuiteRunner.runSequentially(SuiteRunner.java:431)
	at org.testng.SuiteRunner.privateRun(SuiteRunner.java:391)
	at org.testng.SuiteRunner.run(SuiteRunner.java:330)
	at org.testng.SuiteRunnerWorker.runSuite(SuiteRunnerWorker.java:52)
	at org.testng.SuiteRunnerWorker.run(SuiteRunnerWorker.java:95)
	at org.testng.TestNG.runSuitesSequentially(TestNG.java:1256)
	at org.testng.TestNG.runSuitesLocally(TestNG.java:1176)
	at org.testng.TestNG.runSuites(TestNG.java:1099)
	at org.testng.TestNG.run(TestNG.java:1067)
	at org.testng.remote.AbstractRemoteTestNG.run(AbstractRemoteTestNG.java:115)
	at org.testng.remote.RemoteTestNG.initAndRun(RemoteTestNG.java:251)
	at org.testng.remote.RemoteTestNG.main(RemoteTestNG.java:77)
</pre></div></td>
<td>0</td>
<td>Netmeds_Test.Netmeds_Test_1@cc43f62</td></tr>
<tr>
<td title='Netmeds_Test.Netmeds_Test_1.Bottom_Footer()'><b>Bottom_Footer</b><br>Test class: Netmeds_Test.Netmeds_Test_1</td>
<td><div><pre>java.lang.Throwable: Method Netmeds_Test.Netmeds_Test_1.Bottom_Footer() on instance Netmeds_Test.Netmeds_Test_1@cc43f62 depends on not successfully finished methods 
[Netmeds_Test.Netmeds_Test_1.Netmeds_Stores() on instance Netmeds_Test.Netmeds_Test_1@cc43f62]
	at java.base/java.util.ArrayList.forEach(ArrayList.java:1511)
... Removed 18 stack frames</pre></div><a href='#' onClick='toggleBox("stack-trace1662824745", this, "Click to show all stack frames", "Click to hide stack frames")'>Click to show all stack frames</a>
<div class='stack-trace' id='stack-trace1662824745'><pre>java.lang.Throwable: Method Netmeds_Test.Netmeds_Test_1.Bottom_Footer() on instance Netmeds_Test.Netmeds_Test_1@cc43f62 depends on not successfully finished methods 
[Netmeds_Test.Netmeds_Test_1.Netmeds_Stores() on instance Netmeds_Test.Netmeds_Test_1@cc43f62]
	at org.testng.internal.invokers.TestInvoker.invokeTestMethods(TestInvoker.java:150)
	at org.testng.internal.invokers.TestMethodWorker.invokeTestMethods(TestMethodWorker.java:148)
	at org.testng.internal.invokers.TestMethodWorker.run(TestMethodWorker.java:128)
	at java.base/java.util.ArrayList.forEach(ArrayList.java:1511)
	at org.testng.TestRunner.privateRun(TestRunner.java:829)
	at org.testng.TestRunner.run(TestRunner.java:602)
	at org.testng.SuiteRunner.runTest(SuiteRunner.java:437)
	at org.testng.SuiteRunner.runSequentially(SuiteRunner.java:431)
	at org.testng.SuiteRunner.privateRun(SuiteRunner.java:391)
	at org.testng.SuiteRunner.run(SuiteRunner.java:330)
	at org.testng.SuiteRunnerWorker.runSuite(SuiteRunnerWorker.java:52)
	at org.testng.SuiteRunnerWorker.run(SuiteRunnerWorker.java:95)
	at org.testng.TestNG.runSuitesSequentially(TestNG.java:1256)
	at org.testng.TestNG.runSuitesLocally(TestNG.java:1176)
	at org.testng.TestNG.runSuites(TestNG.java:1099)
	at org.testng.TestNG.run(TestNG.java:1067)
	at org.testng.remote.AbstractRemoteTestNG.run(AbstractRemoteTestNG.java:115)
	at org.testng.remote.RemoteTestNG.initAndRun(RemoteTestNG.java:251)
	at org.testng.remote.RemoteTestNG.main(RemoteTestNG.java:77)
</pre></div></td>
<td>0</td>
<td>Netmeds_Test.Netmeds_Test_1@cc43f62</td></tr>
<tr>
<td title='Netmeds_Test.Netmeds_Test_1.Change_Pincode()'><b>Change_Pincode</b><br>Test class: Netmeds_Test.Netmeds_Test_1</td>
<td><div><pre>java.lang.Throwable: Method Netmeds_Test.Netmeds_Test_1.Change_Pincode() on instance Netmeds_Test.Netmeds_Test_1@cc43f62 depends on not successfully finished methods 
[Netmeds_Test.Netmeds_Test_1.Netmeds_Stores() on instance Netmeds_Test.Netmeds_Test_1@cc43f62]
	at java.base/java.util.ArrayList.forEach(ArrayList.java:1511)
... Removed 18 stack frames</pre></div><a href='#' onClick='toggleBox("stack-trace1788036341", this, "Click to show all stack frames", "Click to hide stack frames")'>Click to show all stack frames</a>
<div class='stack-trace' id='stack-trace1788036341'><pre>java.lang.Throwable: Method Netmeds_Test.Netmeds_Test_1.Change_Pincode() on instance Netmeds_Test.Netmeds_Test_1@cc43f62 depends on not successfully finished methods 
[Netmeds_Test.Netmeds_Test_1.Netmeds_Stores() on instance Netmeds_Test.Netmeds_Test_1@cc43f62]
	at org.testng.internal.invokers.TestInvoker.invokeTestMethods(TestInvoker.java:150)
	at org.testng.internal.invokers.TestMethodWorker.invokeTestMethods(TestMethodWorker.java:148)
	at org.testng.internal.invokers.TestMethodWorker.run(TestMethodWorker.java:128)
	at java.base/java.util.ArrayList.forEach(ArrayList.java:1511)
	at org.testng.TestRunner.privateRun(TestRunner.java:829)
	at org.testng.TestRunner.run(TestRunner.java:602)
	at org.testng.SuiteRunner.runTest(SuiteRunner.java:437)
	at org.testng.SuiteRunner.runSequentially(SuiteRunner.java:431)
	at org.testng.SuiteRunner.privateRun(SuiteRunner.java:391)
	at org.testng.SuiteRunner.run(SuiteRunner.java:330)
	at org.testng.SuiteRunnerWorker.runSuite(SuiteRunnerWorker.java:52)
	at org.testng.SuiteRunnerWorker.run(SuiteRunnerWorker.java:95)
	at org.testng.TestNG.runSuitesSequentially(TestNG.java:1256)
	at org.testng.TestNG.runSuitesLocally(TestNG.java:1176)
	at org.testng.TestNG.runSuites(TestNG.java:1099)
	at org.testng.TestNG.run(TestNG.java:1067)
	at org.testng.remote.AbstractRemoteTestNG.run(AbstractRemoteTestNG.java:115)
	at org.testng.remote.RemoteTestNG.initAndRun(RemoteTestNG.java:251)
	at org.testng.remote.RemoteTestNG.main(RemoteTestNG.java:77)
</pre></div></td>
<td>0</td>
<td>Netmeds_Test.Netmeds_Test_1@cc43f62</td></tr>
<tr>
<td title='Netmeds_Test.Netmeds_Test_1.Location_Info()'><b>Location_Info</b><br>Test class: Netmeds_Test.Netmeds_Test_1</td>
<td><div><pre>java.lang.Throwable: Method Netmeds_Test.Netmeds_Test_1.Location_Info() on instance Netmeds_Test.Netmeds_Test_1@cc43f62 depends on not successfully finished methods 
[Netmeds_Test.Netmeds_Test_1.Netmeds_Stores() on instance Netmeds_Test.Netmeds_Test_1@cc43f62]
	at java.base/java.util.ArrayList.forEach(ArrayList.java:1511)
... Removed 18 stack frames</pre></div><a href='#' onClick='toggleBox("stack-trace1016881733", this, "Click to show all stack frames", "Click to hide stack frames")'>Click to show all stack frames</a>
<div class='stack-trace' id='stack-trace1016881733'><pre>java.lang.Throwable: Method Netmeds_Test.Netmeds_Test_1.Location_Info() on instance Netmeds_Test.Netmeds_Test_1@cc43f62 depends on not successfully finished methods 
[Netmeds_Test.Netmeds_Test_1.Netmeds_Stores() on instance Netmeds_Test.Netmeds_Test_1@cc43f62]
	at org.testng.internal.invokers.TestInvoker.invokeTestMethods(TestInvoker.java:150)
	at org.testng.internal.invokers.TestMethodWorker.invokeTestMethods(TestMethodWorker.java:148)
	at org.testng.internal.invokers.TestMethodWorker.run(TestMethodWorker.java:128)
	at java.base/java.util.ArrayList.forEach(ArrayList.java:1511)
	at org.testng.TestRunner.privateRun(TestRunner.java:829)
	at org.testng.TestRunner.run(TestRunner.java:602)
	at org.testng.SuiteRunner.runTest(SuiteRunner.java:437)
	at org.testng.SuiteRunner.runSequentially(SuiteRunner.java:431)
	at org.testng.SuiteRunner.privateRun(SuiteRunner.java:391)
	at org.testng.SuiteRunner.run(SuiteRunner.java:330)
	at org.testng.SuiteRunnerWorker.runSuite(SuiteRunnerWorker.java:52)
	at org.testng.SuiteRunnerWorker.run(SuiteRunnerWorker.java:95)
	at org.testng.TestNG.runSuitesSequentially(TestNG.java:1256)
	at org.testng.TestNG.runSuitesLocally(TestNG.java:1176)
	at org.testng.TestNG.runSuites(TestNG.java:1099)
	at org.testng.TestNG.run(TestNG.java:1067)
	at org.testng.remote.AbstractRemoteTestNG.run(AbstractRemoteTestNG.java:115)
	at org.testng.remote.RemoteTestNG.initAndRun(RemoteTestNG.java:251)
	at org.testng.remote.RemoteTestNG.main(RemoteTestNG.java:77)
</pre></div></td>
<td>0</td>
<td>Netmeds_Test.Netmeds_Test_1@cc43f62</td></tr>
<tr>
<td title='Netmeds_Test.Netmeds_Test_1.Stores_Count()'><b>Stores_Count</b><br>Test class: Netmeds_Test.Netmeds_Test_1</td>
<td><div><pre>java.lang.Throwable: Method Netmeds_Test.Netmeds_Test_1.Stores_Count() on instance Netmeds_Test.Netmeds_Test_1@cc43f62 depends on not successfully finished methods 
[Netmeds_Test.Netmeds_Test_1.Netmeds_Stores() on instance Netmeds_Test.Netmeds_Test_1@cc43f62]
	at java.base/java.util.ArrayList.forEach(ArrayList.java:1511)
... Removed 18 stack frames</pre></div><a href='#' onClick='toggleBox("stack-trace491762195", this, "Click to show all stack frames", "Click to hide stack frames")'>Click to show all stack frames</a>
<div class='stack-trace' id='stack-trace491762195'><pre>java.lang.Throwable: Method Netmeds_Test.Netmeds_Test_1.Stores_Count() on instance Netmeds_Test.Netmeds_Test_1@cc43f62 depends on not successfully finished methods 
[Netmeds_Test.Netmeds_Test_1.Netmeds_Stores() on instance Netmeds_Test.Netmeds_Test_1@cc43f62]
	at org.testng.internal.invokers.TestInvoker.invokeTestMethods(TestInvoker.java:150)
	at org.testng.internal.invokers.TestMethodWorker.invokeTestMethods(TestMethodWorker.java:148)
	at org.testng.internal.invokers.TestMethodWorker.run(TestMethodWorker.java:128)
	at java.base/java.util.ArrayList.forEach(ArrayList.java:1511)
	at org.testng.TestRunner.privateRun(TestRunner.java:829)
	at org.testng.TestRunner.run(TestRunner.java:602)
	at org.testng.SuiteRunner.runTest(SuiteRunner.java:437)
	at org.testng.SuiteRunner.runSequentially(SuiteRunner.java:431)
	at org.testng.SuiteRunner.privateRun(SuiteRunner.java:391)
	at org.testng.SuiteRunner.run(SuiteRunner.java:330)
	at org.testng.SuiteRunnerWorker.runSuite(SuiteRunnerWorker.java:52)
	at org.testng.SuiteRunnerWorker.run(SuiteRunnerWorker.java:95)
	at org.testng.TestNG.runSuitesSequentially(TestNG.java:1256)
	at org.testng.TestNG.runSuitesLocally(TestNG.java:1176)
	at org.testng.TestNG.runSuites(TestNG.java:1099)
	at org.testng.TestNG.run(TestNG.java:1067)
	at org.testng.remote.AbstractRemoteTestNG.run(AbstractRemoteTestNG.java:115)
	at org.testng.remote.RemoteTestNG.initAndRun(RemoteTestNG.java:251)
	at org.testng.remote.RemoteTestNG.main(RemoteTestNG.java:77)
</pre></div></td>
<td>0</td>
<td>Netmeds_Test.Netmeds_Test_1@cc43f62</td></tr>
</table><p>
</body>
</html>