<?xml version="1.0" encoding="UTF-8"?>
<!-- Generated by org.testng.reporters.JUnitReportReporter -->
<testsuite hostname="BINTERNS-QA31L" failures="0" tests="34" name="Netmeds_Test.Netmeds_Test_2" time="86.835" errors="1" timestamp="2023-05-15T10:31:55 IST" skipped="0">
  <testcase classname="Netmeds_Test.Netmeds_Test_2" name="Lab_Tests" time="3.532"/>
  <system-out/>
  <testcase classname="Netmeds_Test.Netmeds_Test_2" name="Health_packages1" time="4.269"/>
  <system-out/>
  <testcase classname="Netmeds_Test.Netmeds_Test_2" name="Health_packages2" time="2.127"/>
  <system-out/>
  <testcase classname="Netmeds_Test.Netmeds_Test_2" name="Health_packages3" time="2.215"/>
  <system-out/>
  <testcase classname="Netmeds_Test.Netmeds_Test_2" name="Beauty_Fragrances" time="6.597"/>
  <system-out/>
  <testcase classname="Netmeds_Test.Netmeds_Test_2" name="Beauty_Hair" time="5.165"/>
  <system-out/>
  <testcase classname="Netmeds_Test.Netmeds_Test_2" name="Beauty_Makeup" time="5.518"/>
  <system-out/>
  <testcase classname="Netmeds_Test.Netmeds_Test_2" name="Beauty_MomBaby" time="5.289"/>
  <system-out/>
  <testcase classname="Netmeds_Test.Netmeds_Test_2" name="Beauty_PersonalCare" time="5.398"/>
  <system-out/>
  <testcase classname="Netmeds_Test.Netmeds_Test_2" name="Beauty_SkinCare" time="5.400"/>
  <system-out/>
  <testcase classname="Netmeds_Test.Netmeds_Test_2" name="Beauty_Tools" time="2.176">
    <error message="element not interactable: https://www.netmeds.com/non-prescriptions/tools-appliances has no size and location
  (Session info: chrome=113.0.5672.93)
Build info: version: &#039;4.8.3&#039;, revision: &#039;e5e76298c3&#039;
System info: os.name: &#039;Windows 10&#039;, os.arch: &#039;amd64&#039;, os.version: &#039;10.0&#039;, java.version: &#039;17.0.4.1&#039;
Driver info: org.openqa.selenium.chrome.ChromeDriver
Command: [862ef890f91fc4f7f8381a675a6a3e3c, actions {actions=[org.openqa.selenium.interactions.Sequence@2785db06]}]
Capabilities {acceptInsecureCerts: false, browserName: chrome, browserVersion: 113.0.5672.93, chrome: {chromedriverVersion: 113.0.5672.63 (0e1a4471d5ae..., userDataDir: C:\Users\gukaur\AppData\Loc...}, goog:chromeOptions: {debuggerAddress: localhost:52136}, networkConnectionEnabled: false, pageLoadStrategy: normal, platformName: WINDOWS, proxy: Proxy(), se:cdp: ws://localhost:52136/devtoo..., se:cdpVersion: 113.0.5672.93, setWindowRect: true, strictFileInteractability: false, timeouts: {implicit: 0, pageLoad: 300000, script: 30000}, unhandledPromptBehavior: dismiss and notify, webauthn:extension:credBlob: true, webauthn:extension:largeBlob: true, webauthn:extension:minPinLength: true, webauthn:extension:prf: true, webauthn:virtualAuthenticators: true}
Session ID: 862ef890f91fc4f7f8381a675a6a3e3c" type="org.openqa.selenium.ElementNotInteractableException">
      <![CDATA[org.openqa.selenium.ElementNotInteractableException: element not interactable: https://www.netmeds.com/non-prescriptions/tools-appliances has no size and location
  (Session info: chrome=113.0.5672.93)
Build info: version: '4.8.3', revision: 'e5e76298c3'
System info: os.name: 'Windows 10', os.arch: 'amd64', os.version: '10.0', java.version: '17.0.4.1'
Driver info: org.openqa.selenium.chrome.ChromeDriver
Command: [862ef890f91fc4f7f8381a675a6a3e3c, actions {actions=[org.openqa.selenium.interactions.Sequence@2785db06]}]
Capabilities {acceptInsecureCerts: false, browserName: chrome, browserVersion: 113.0.5672.93, chrome: {chromedriverVersion: 113.0.5672.63 (0e1a4471d5ae..., userDataDir: C:\Users\gukaur\AppData\Loc...}, goog:chromeOptions: {debuggerAddress: localhost:52136}, networkConnectionEnabled: false, pageLoadStrategy: normal, platformName: WINDOWS, proxy: Proxy(), se:cdp: ws://localhost:52136/devtoo..., se:cdpVersion: 113.0.5672.93, setWindowRect: true, strictFileInteractability: false, timeouts: {implicit: 0, pageLoad: 300000, script: 30000}, unhandledPromptBehavior: dismiss and notify, webauthn:extension:credBlob: true, webauthn:extension:largeBlob: true, webauthn:extension:minPinLength: true, webauthn:extension:prf: true, webauthn:virtualAuthenticators: true}
Session ID: 862ef890f91fc4f7f8381a675a6a3e3c
at java.base/jdk.internal.reflect.NativeConstructorAccessorImpl.newInstance0(Native Method)
at java.base/jdk.internal.reflect.NativeConstructorAccessorImpl.newInstance(NativeConstructorAccessorImpl.java:77)
at java.base/jdk.internal.reflect.DelegatingConstructorAccessorImpl.newInstance(DelegatingConstructorAccessorImpl.java:45)
at java.base/java.lang.reflect.Constructor.newInstanceWithCaller(Constructor.java:499)
at java.base/java.lang.reflect.Constructor.newInstance(Constructor.java:480)
at org.openqa.selenium.remote.codec.w3c.W3CHttpResponseCodec.createException(W3CHttpResponseCodec.java:200)
at org.openqa.selenium.remote.codec.w3c.W3CHttpResponseCodec.decode(W3CHttpResponseCodec.java:133)
at org.openqa.selenium.remote.codec.w3c.W3CHttpResponseCodec.decode(W3CHttpResponseCodec.java:53)
at org.openqa.selenium.remote.HttpCommandExecutor.execute(HttpCommandExecutor.java:193)
at org.openqa.selenium.remote.service.DriverCommandExecutor.invokeExecute(DriverCommandExecutor.java:183)
at org.openqa.selenium.remote.service.DriverCommandExecutor.execute(DriverCommandExecutor.java:158)
at org.openqa.selenium.remote.RemoteWebDriver.execute(RemoteWebDriver.java:543)
at org.openqa.selenium.remote.RemoteWebDriver.perform(RemoteWebDriver.java:611)
at org.openqa.selenium.interactions.Actions$BuiltAction.perform(Actions.java:567)
at Netmeds_Test.Netmeds_Test_2.Beauty_Tools(Netmeds_Test_2.java:327)
at java.base/jdk.internal.reflect.NativeMethodAccessorImpl.invoke0(Native Method)
at java.base/jdk.internal.reflect.NativeMethodAccessorImpl.invoke(NativeMethodAccessorImpl.java:77)
at java.base/jdk.internal.reflect.DelegatingMethodAccessorImpl.invoke(DelegatingMethodAccessorImpl.java:43)
at java.base/java.lang.reflect.Method.invoke(Method.java:568)
at org.testng.internal.invokers.MethodInvocationHelper.invokeMethod(MethodInvocationHelper.java:139)
at org.testng.internal.invokers.TestInvoker.invokeMethod(TestInvoker.java:677)
at org.testng.internal.invokers.TestInvoker.invokeTestMethod(TestInvoker.java:221)
at org.testng.internal.invokers.MethodRunner.runInSequence(MethodRunner.java:50)
at org.testng.internal.invokers.TestInvoker$MethodInvocationAgent.invoke(TestInvoker.java:969)
at org.testng.internal.invokers.TestInvoker.invokeTestMethods(TestInvoker.java:194)
at org.testng.internal.invokers.TestMethodWorker.invokeTestMethods(TestMethodWorker.java:148)
at org.testng.internal.invokers.TestMethodWorker.run(TestMethodWorker.java:128)
at java.base/java.util.ArrayList.forEach(ArrayList.java:1511)
at org.testng.TestRunner.privateRun(TestRunner.java:829)
at org.testng.TestRunner.run(TestRunner.java:602)
at org.testng.SuiteRunner.runTest(SuiteRunner.java:437)
at org.testng.SuiteRunner.runSequentially(SuiteRunner.java:431)
at org.testng.SuiteRunner.privateRun(SuiteRunner.java:391)
at org.testng.SuiteRunner.run(SuiteRunner.java:330)
at org.testng.SuiteRunnerWorker.runSuite(SuiteRunnerWorker.java:52)
at org.testng.SuiteRunnerWorker.run(SuiteRunnerWorker.java:95)
at org.testng.TestNG.runSuitesSequentially(TestNG.java:1256)
at org.testng.TestNG.runSuitesLocally(TestNG.java:1176)
at org.testng.TestNG.runSuites(TestNG.java:1099)
at org.testng.TestNG.run(TestNG.java:1067)
at org.testng.remote.AbstractRemoteTestNG.run(AbstractRemoteTestNG.java:115)
at org.testng.remote.RemoteTestNG.initAndRun(RemoteTestNG.java:251)
at org.testng.remote.RemoteTestNG.main(RemoteTestNG.java:77)
]]>
    </error>
  </testcase> <!-- Beauty_Tools -->
  <system-out/>
  <testcase classname="Netmeds_Test.Netmeds_Test_2" name="Health_Corner_HealthLibrary" time="4.830"/>
  <system-out/>
  <testcase classname="Netmeds_Test.Netmeds_Test_2" name="Health_Library" time="0.032"/>
  <system-out/>
  <testcase classname="Netmeds_Test.Netmeds_Test_2" name="Patients_alike" time="2.610"/>
  <system-out/>
  <testcase classname="Netmeds_Test.Netmeds_Test_2" name="CoronaAwarenes" time="2.370"/>
  <system-out/>
  <testcase classname="Netmeds_Test.Netmeds_Test_2" name="Offers" time="0.949"/>
  <system-out/>
  <testcase classname="Netmeds_Test.Netmeds_Test_2" name="Select_Offer" time="3.118"/>
  <system-out/>
  <testcase classname="Netmeds_Test.Netmeds_Test_2" name="View_Offer" time="0.140"/>
  <system-out/>
  <testcase classname="Netmeds_Test.Netmeds_Test_2" name="Count_Offers" time="3.034"/>
  <system-out/>
  <testcase classname="Netmeds_Test.Netmeds_Test_2" name="Add_to_Cart" time="3.202"/>
  <system-out/>
  <testcase classname="Netmeds_Test.Netmeds_Test_2" name="Count_Items" time="2.033"/>
  <system-out/>
  <testcase classname="Netmeds_Test.Netmeds_Test_2" name="Item_Info" time="2.042"/>
  <system-out/>
  <testcase classname="Netmeds_Test.Netmeds_Test_2" name="Add_Item" time="2.892"/>
  <system-out/>
  <testcase classname="Netmeds_Test.Netmeds_Test_2" name="Order_Count" time="0.703"/>
  <system-out/>
  <testcase classname="Netmeds_Test.Netmeds_Test_2" name="Order_Summary" time="0.031"/>
  <system-out/>
  <testcase classname="Netmeds_Test.Netmeds_Test_2" name="Cart" time="5.282"/>
  <system-out/>
  <testcase classname="Netmeds_Test.Netmeds_Test_2" name="Cart_Product" time="0.131"/>
  <system-out/>
  <testcase classname="Netmeds_Test.Netmeds_Test_2" name="Apply_PromoCode" time="0.067"/>
  <system-out/>
  <testcase classname="Netmeds_Test.Netmeds_Test_2" name="Coupon_List" time="0.052"/>
  <system-out/>
  <testcase classname="Netmeds_Test.Netmeds_Test_2" name="Sel_Coupon" time="0.061"/>
  <system-out/>
  <testcase classname="Netmeds_Test.Netmeds_Test_2" name="Payment_Details" time="0.075"/>
  <system-out/>
  <testcase classname="Netmeds_Test.Netmeds_Test_2" name="Proceed" time="0.148"/>
  <system-out/>
  <testcase classname="Netmeds_Test.Netmeds_Test_2" name="Delivery_Status" time="2.073"/>
  <system-out/>
  <testcase classname="Netmeds_Test.Netmeds_Test_2" name="Remove_Product" time="3.274"/>
  <system-out/>
</testsuite> <!-- Netmeds_Test.Netmeds_Test_2 -->
